Log file open, 04/01/22 17:09:51
LogWindows: Failed to load 'aqProf.dll' (GetLastError=126)
LogWindows: File 'aqProf.dll' does not exist
LogWindows: Failed to load 'VtuneApi.dll' (GetLastError=126)
LogWindows: File 'VtuneApi.dll' does not exist
LogWindows: Failed to load 'VtuneApi32e.dll' (GetLastError=126)
LogWindows: File 'VtuneApi32e.dll' does not exist
LogConsoleResponse: Display: Failed to find resolution value strings in scalability ini. Falling back to default.
LogConsoleResponse: Display: Failed to find resolution value strings in scalability ini. Falling back to default.
LogInit: Display: Running engine for game: ParkourGame
LogPlatformFile: Not using cached read wrapper
LogTaskGraph: Started task graph with 5 named threads and 47 total threads with 3 sets of task threads.
LogStats: Stats thread started at 0.238048
LogICUInternationalization: ICU TimeZone Detection - Raw Offset: -5:00, Platform Override: ''
LogInit: Display: Loading text-based GConfig....
LogPluginManager: Mounting plugin MegascansPlugin
LogPluginManager: Mounting plugin MeshPainting
LogPluginManager: Mounting plugin XGEController
LogPluginManager: Mounting plugin Paper2D
LogPluginManager: Mounting plugin LightPropagationVolume
LogPluginManager: Mounting plugin EnvironmentQueryEditor
LogPluginManager: Mounting plugin AISupport
LogPluginManager: Mounting plugin LiveLink
LogPluginManager: Mounting plugin AnimationSharing
LogPluginManager: Mounting plugin CLionSourceCodeAccess
LogPluginManager: Mounting plugin KDevelopSourceCodeAccess
LogPluginManager: Mounting plugin CodeLiteSourceCodeAccess
LogPluginManager: Mounting plugin NullSourceCodeAccess
LogPluginManager: Mounting plugin GitSourceControl
LogPluginManager: Mounting plugin PixWinPlugin
LogPluginManager: Mounting plugin PerforceSourceControl
LogPluginManager: Mounting plugin PlasticSourceControl
LogPluginManager: Mounting plugin PluginUtils
LogPluginManager: Mounting plugin RiderSourceCodeAccess
LogPluginManager: Mounting plugin PropertyAccessNode
LogPluginManager: Mounting plugin SubversionSourceControl
LogPluginManager: Mounting plugin TextureFormatOodle
LogPluginManager: Mounting plugin UObjectPlugin
LogPluginManager: Mounting plugin VisualStudioCodeSourceCodeAccess
LogPluginManager: Mounting plugin VisualStudioSourceCodeAccess
LogPluginManager: Mounting plugin XCodeSourceCodeAccess
LogPluginManager: Mounting plugin DatasmithContent
LogPluginManager: Mounting plugin VariantManagerContent
LogPluginManager: Mounting plugin Niagara
LogPluginManager: Mounting plugin AssetManagerEditor
LogPluginManager: Mounting plugin CryptoKeys
LogPluginManager: Mounting plugin CurveEditorTools
LogPluginManager: Mounting plugin DataValidation
LogPluginManager: Mounting plugin FacialAnimation
LogPluginManager: Mounting plugin EditorScriptingUtilities
LogPluginManager: Mounting plugin GameplayTagsEditor
LogPluginManager: Mounting plugin MobileLauncherProfileWizard
LogPluginManager: Mounting plugin MaterialAnalyzer
LogPluginManager: Mounting plugin SpeedTreeImporter
LogPluginManager: Mounting plugin PluginBrowser
LogPluginManager: Mounting plugin MacGraphicsSwitching
LogPluginManager: Mounting plugin GeometryMode
LogPluginManager: Mounting plugin AutomationUtils
LogPluginManager: Mounting plugin BackChannel
LogPluginManager: Mounting plugin AlembicImporter
LogPluginManager: Mounting plugin ChaosClothEditor
LogPluginManager: Mounting plugin ChaosCloth
LogPluginManager: Mounting plugin ChaosEditor
LogPluginManager: Mounting plugin ChaosNiagara
LogPluginManager: Mounting plugin ChaosSolverPlugin
LogPluginManager: Mounting plugin CharacterAI
LogPluginManager: Mounting plugin GeometryCache
LogPluginManager: Mounting plugin GeometryCollectionPlugin
LogPluginManager: Mounting plugin LuminPlatformFeatures
LogPluginManager: Mounting plugin AndroidMedia
LogPluginManager: Mounting plugin MagicLeap
LogPluginManager: Mounting plugin AvfMedia
LogPluginManager: Mounting plugin ImgMedia
LogPluginManager: Mounting plugin MediaCompositing
LogPluginManager: Mounting plugin MediaPlayerEditor
LogPluginManager: Mounting plugin MagicLeapLightEstimation
LogPluginManager: Mounting plugin MagicLeapMedia
LogPluginManager: Mounting plugin MotoSynth
LogPluginManager: Mounting plugin MagicLeapPassableWorld
LogPluginManager: Mounting plugin WebMMedia
LogPluginManager: Mounting plugin OpenImageDenoise
LogPluginManager: Mounting plugin WmfMedia
LogPluginManager: Mounting plugin MLSDK
LogPluginManager: Mounting plugin ProxyLODPlugin
LogPluginManager: Mounting plugin PlatformCrypto
LogPluginManager: Mounting plugin PythonScriptPlugin
LogPluginManager: Mounting plugin PlanarCut
LogPluginManager: Mounting plugin SkeletalReduction
LogPluginManager: Mounting plugin GeometryProcessing
LogPluginManager: Mounting plugin TcpMessaging
LogPluginManager: Mounting plugin UdpMessaging
LogPluginManager: Mounting plugin ActorSequence
LogPluginManager: Mounting plugin MatineeToLevelSequence
LogPluginManager: Mounting plugin LevelSequenceEditor
LogPluginManager: Mounting plugin TemplateSequence
LogPluginManager: Mounting plugin LauncherChunkInstaller
LogPluginManager: Mounting plugin OnlineSubsystem
LogPluginManager: Mounting plugin OnlineSubsystemNull
LogPluginManager: Mounting plugin OnlineSubsystemUtils
LogPluginManager: Mounting plugin ActorLayerUtilities
LogPluginManager: Mounting plugin AndroidPermission
LogPluginManager: Mounting plugin AndroidMoviePlayer
LogPluginManager: Mounting plugin AppleImageUtils
LogPluginManager: Mounting plugin AppleMoviePlayer
LogPluginManager: Mounting plugin ArchVisCharacter
LogPluginManager: Mounting plugin AudioCapture
LogPluginManager: Mounting plugin AssetTags
LogPluginManager: Mounting plugin AndroidDeviceProfileSelector
LogPluginManager: Mounting plugin AudioSynesthesia
LogPluginManager: Mounting plugin ChunkDownloader
LogPluginManager: Mounting plugin CustomMeshComponent
LogPluginManager: Mounting plugin EditableMesh
LogPluginManager: Mounting plugin CableComponent
LogPluginManager: Mounting plugin ExampleDeviceProfileSelector
LogPluginManager: Mounting plugin GooglePAD
LogPluginManager: Mounting plugin GoogleCloudMessaging
LogPluginManager: Mounting plugin ScreenshotTools
LogPluginManager: Mounting plugin IOSDeviceProfileSelector
LogPluginManager: Mounting plugin LinuxDeviceProfileSelector
LogPluginManager: Mounting plugin LocationServicesBPLibrary
LogPluginManager: Mounting plugin MobilePatchingUtils
LogPluginManager: Mounting plugin OpenXR
LogPluginManager: Mounting plugin OpenXRHandTracking
LogPluginManager: Mounting plugin OpenXREyeTracker
LogPluginManager: Mounting plugin Takes
LogPluginManager: Mounting plugin PhysXVehicles
LogPluginManager: Mounting plugin PostSplashScreen
LogPluginManager: Mounting plugin ProceduralMeshComponent
LogPluginManager: Mounting plugin RuntimePhysXCooking
LogPluginManager: Mounting plugin SignificanceManager
LogPluginManager: Mounting plugin PropertyAccessEditor
LogPluginManager: Mounting plugin SoundFields
LogPluginManager: Mounting plugin Synthesis
LogPluginManager: Mounting plugin WebMMoviePlayer
LogPluginManager: Mounting plugin WindowsMoviePlayer
LogPluginManager: Mounting plugin CameraShakePreviewer
LogPluginManager: Mounting plugin OodleData
LogPluginManager: Mounting plugin OodleNetwork
LogPluginManager: Mounting plugin GameplayCameras
LogPluginManager: Mounting plugin ContentBrowserClassDataSource
LogPluginManager: Mounting plugin ContentBrowserAssetDataSource
LogPluginManager: Mounting plugin ContentBrowserFileDataSource
LogPluginManager: Mounting plugin OnlineSubsystemIOS
LogPluginManager: Mounting plugin OnlineSubsystemGooglePlay
LogPluginManager: Mounting plugin DatabaseSupport
LogPluginManager: Mounting plugin SQLiteCore
LogPluginManager: Mounting plugin SQLiteSupport
LogPluginManager: Mounting plugin OculusVR
LogPluginManager: Mounting plugin SteamVR
PixWinPlugin: PIX capture plugin failed to initialize! Check that the process is launched from PIX.
LogLuminAPIImpl: Warning: MLSDK not found.  This likely means the MLSDK environment variable is not set.
LogInit: Using libcurl 7.55.1-DEV
LogInit:  - built for x86_64-pc-win32
LogInit:  - supports SSL with OpenSSL/1.1.1
LogInit:  - supports HTTP deflate (compression) using libz 1.2.8
LogInit:  - other features:
LogInit:      CURL_VERSION_SSL
LogInit:      CURL_VERSION_LIBZ
LogInit:      CURL_VERSION_IPV6
LogInit:      CURL_VERSION_ASYNCHDNS
LogInit:      CURL_VERSION_LARGEFILE
LogInit:      CURL_VERSION_IDN
LogInit:  CurlRequestOptions (configurable via config and command line):
LogInit:  - bVerifyPeer = true  - Libcurl will verify peer certificate
LogInit:  - bUseHttpProxy = false  - Libcurl will NOT use HTTP proxy
LogInit:  - bDontReuseConnections = false  - Libcurl will reuse connections
LogInit:  - MaxHostConnections = 16  - Libcurl will limit the number of connections to a host
LogInit:  - LocalHostAddr = Default
LogInit:  - BufferSize = 65536
LogOnline: OSS: Creating online subsystem instance for: NULL
LogInit: WinSock: version 1.1 (2.2), MaxSocks=32767, MaxUdp=65467
LogOnline: OSS: TryLoadSubsystemAndSetDefault: Loaded subsystem for module [NULL]
LogOculusPluginWrapper: OculusPlugin initialized successfully
LogHMD: Failed initializing OVRPlugin 1.59.0
LogInit: Build: ++UE4+Release-4.27-CL-18319896
LogInit: Engine Version: 4.27.2-18319896+++UE4+Release-4.27
LogInit: Compatible Engine Version: 4.27.0-17155196+++UE4+Release-4.27
LogInit: Net CL: 17155196
LogInit: OS: Windows 10 (Release 2009) (), CPU: AMD Ryzen 9 5900HX with Radeon Graphics        , GPU: AMD Radeon(TM) Graphics
LogInit: Compiled (64-bit): Nov 30 2021 07:12:08
LogInit: Compiled with Visual C++: 19.24.28315.00
LogInit: Build Configuration: Development
LogInit: Branch Name: ++UE4+Release-4.27
LogInit: Command Line: 
LogInit: Base Directory: C:/Program Files/Epic Games/UE_4.27/Engine/Binaries/Win64/
LogInit: Allocator: TBB
LogInit: Installed Engine Build: 1
LogDevObjectVersion: Number of dev versions registered: 29
LogDevObjectVersion:   Dev-Blueprints (B0D832E4-1F89-4F0D-ACCF-7EB736FD4AA2): 10
LogDevObjectVersion:   Dev-Build (E1C64328-A22C-4D53-A36C-8E866417BD8C): 0
LogDevObjectVersion:   Dev-Core (375EC13C-06E4-48FB-B500-84F0262A717E): 4
LogDevObjectVersion:   Dev-Editor (E4B068ED-F494-42E9-A231-DA0B2E46BB41): 40
LogDevObjectVersion:   Dev-Framework (CFFC743F-43B0-4480-9391-14DF171D2073): 37
LogDevObjectVersion:   Dev-Mobile (B02B49B5-BB20-44E9-A304-32B752E40360): 3
LogDevObjectVersion:   Dev-Networking (A4E4105C-59A1-49B5-A7C5-40C4547EDFEE): 0
LogDevObjectVersion:   Dev-Online (39C831C9-5AE6-47DC-9A44-9C173E1C8E7C): 0
LogDevObjectVersion:   Dev-Physics (78F01B33-EBEA-4F98-B9B4-84EACCB95AA2): 14
LogDevObjectVersion:   Dev-Platform (6631380F-2D4D-43E0-8009-CF276956A95A): 0
LogDevObjectVersion:   Dev-Rendering (12F88B9F-8875-4AFC-A67C-D90C383ABD29): 45
LogDevObjectVersion:   Dev-Sequencer (7B5AE74C-D270-4C10-A958-57980B212A5A): 13
LogDevObjectVersion:   Dev-VR (D7296918-1DD6-4BDD-9DE2-64A83CC13884): 3
LogDevObjectVersion:   Dev-LoadTimes (C2A15278-BFE7-4AFE-6C17-90FF531DF755): 1
LogDevObjectVersion:   Private-Geometry (6EACA3D4-40EC-4CC1-B786-8BED09428FC5): 3
LogDevObjectVersion:   Dev-AnimPhys (29E575DD-E0A3-4627-9D10-D276232CDCEA): 17
LogDevObjectVersion:   Dev-Anim (AF43A65D-7FD3-4947-9873-3E8ED9C1BB05): 15
LogDevObjectVersion:   Dev-ReflectionCapture (6B266CEC-1EC7-4B8F-A30B-E4D90942FC07): 1
LogDevObjectVersion:   Dev-Automation (0DF73D61-A23F-47EA-B727-89E90C41499A): 1
LogDevObjectVersion:   FortniteMain (601D1886-AC64-4F84-AA16-D3DE0DEAC7D6): 47
LogDevObjectVersion:   FortniteRelease (E7086368-6B23-4C58-8439-1B7016265E91): 1
LogDevObjectVersion:   Dev-Enterprise (9DFFBCD6-494F-0158-E221-12823C92A888): 10
LogDevObjectVersion:   Dev-Niagara (F2AED0AC-9AFE-416F-8664-AA7FFA26D6FC): 1
LogDevObjectVersion:   Dev-Destruction (174F1F0B-B4C6-45A5-B13F-2EE8D0FB917D): 10
LogDevObjectVersion:   Dev-Physics-Ext (35F94A83-E258-406C-A318-09F59610247C): 41
LogDevObjectVersion:   Dev-PhysicsMaterial-Chaos (B68FC16E-8B1B-42E2-B453-215C058844FE): 1
LogDevObjectVersion:   Dev-CineCamera (B2E18506-4273-CFC2-A54E-F4BB758BBA07): 1
LogDevObjectVersion:   Dev-VirtualProduction (64F58936-FD1B-42BA-BA96-7289D5D0FA4E): 1
LogDevObjectVersion:   Dev-MediaFramework (6F0ED827-A609-4895-9C91-998D90180EA4): 2
LogInit: Presizing for max 25165824 objects, including 0 objects not considered by GC, pre-allocating 0 bytes for permanent pool.
LogConfig: Applying CVar settings from Section [/Script/Engine.StreamingSettings] File [C:/Users/kingo/Documents/GitHub/GameDevelopmentWorkshop/ParkourGame/Saved/Config/Windows/Engine.ini]
LogConfig: Setting CVar [[s.MinBulkDataSizeForAsyncLoading:131072]]
LogConfig: Setting CVar [[s.AsyncLoadingThreadEnabled:0]]
LogConfig: Setting CVar [[s.EventDrivenLoaderEnabled:1]]
LogConfig: Setting CVar [[s.WarnIfTimeLimitExceeded:0]]
LogConfig: Setting CVar [[s.TimeLimitExceededMultiplier:1.5]]
LogConfig: Setting CVar [[s.TimeLimitExceededMinTime:0.005]]
LogConfig: Setting CVar [[s.UseBackgroundLevelStreaming:1]]
LogConfig: Setting CVar [[s.PriorityAsyncLoadingExtraTime:15.0]]
LogConfig: Setting CVar [[s.LevelStreamingActorsUpdateTimeLimit:5.0]]
LogConfig: Setting CVar [[s.PriorityLevelStreamingActorsUpdateExtraTime:5.0]]
LogConfig: Setting CVar [[s.LevelStreamingComponentsRegistrationGranularity:10]]
LogConfig: Setting CVar [[s.UnregisterComponentsTimeLimit:1.0]]
LogConfig: Setting CVar [[s.LevelStreamingComponentsUnregistrationGranularity:5]]
LogConfig: Setting CVar [[s.FlushStreamingOnExit:1]]
LogInit: Object subsystem initialized
LogConfig: Setting CVar [[con.DebugEarlyDefault:1]]
LogConfig: Setting CVar [[r.setres:1280x720]]
[2022.04.01-21.09.52:172][  0]LogConfig: Setting CVar [[r.VSync:0]]
[2022.04.01-21.09.52:172][  0]LogConfig: Setting CVar [[r.RHICmdBypass:0]]
[2022.04.01-21.09.52:172][  0]LogConfig: Applying CVar settings from Section [/Script/Engine.RendererSettings] File [C:/Users/kingo/Documents/GitHub/GameDevelopmentWorkshop/ParkourGame/Saved/Config/Windows/Engine.ini]
[2022.04.01-21.09.52:172][  0]LogConfig: Setting CVar [[r.GPUCrashDebugging:0]]
[2022.04.01-21.09.52:172][  0]LogConfig: Applying CVar settings from Section [/Script/Engine.RendererOverrideSettings] File [C:/Users/kingo/Documents/GitHub/GameDevelopmentWorkshop/ParkourGame/Saved/Config/Windows/Engine.ini]
[2022.04.01-21.09.52:172][  0]LogConfig: Applying CVar settings from Section [/Script/Engine.StreamingSettings] File [C:/Users/kingo/Documents/GitHub/GameDevelopmentWorkshop/ParkourGame/Saved/Config/Windows/Engine.ini]
[2022.04.01-21.09.52:172][  0]LogConfig: Setting CVar [[s.MinBulkDataSizeForAsyncLoading:131072]]
[2022.04.01-21.09.52:172][  0]LogConfig: Setting CVar [[s.AsyncLoadingThreadEnabled:0]]
[2022.04.01-21.09.52:172][  0]LogConfig: Setting CVar [[s.EventDrivenLoaderEnabled:1]]
[2022.04.01-21.09.52:172][  0]LogConfig: Setting CVar [[s.WarnIfTimeLimitExceeded:0]]
[2022.04.01-21.09.52:172][  0]LogConfig: Setting CVar [[s.TimeLimitExceededMultiplier:1.5]]
[2022.04.01-21.09.52:172][  0]LogConfig: Setting CVar [[s.TimeLimitExceededMinTime:0.005]]
[2022.04.01-21.09.52:172][  0]LogConfig: Setting CVar [[s.UseBackgroundLevelStreaming:1]]
[2022.04.01-21.09.52:172][  0]LogConfig: Setting CVar [[s.PriorityAsyncLoadingExtraTime:15.0]]
[2022.04.01-21.09.52:172][  0]LogConfig: Setting CVar [[s.LevelStreamingActorsUpdateTimeLimit:5.0]]
[2022.04.01-21.09.52:172][  0]LogConfig: Setting CVar [[s.PriorityLevelStreamingActorsUpdateExtraTime:5.0]]
[2022.04.01-21.09.52:172][  0]LogConfig: Setting CVar [[s.LevelStreamingComponentsRegistrationGranularity:10]]
[2022.04.01-21.09.52:172][  0]LogConfig: Setting CVar [[s.UnregisterComponentsTimeLimit:1.0]]
[2022.04.01-21.09.52:172][  0]LogConfig: Setting CVar [[s.LevelStreamingComponentsUnregistrationGranularity:5]]
[2022.04.01-21.09.52:172][  0]LogConfig: Setting CVar [[s.FlushStreamingOnExit:1]]
[2022.04.01-21.09.52:172][  0]LogConfig: Applying CVar settings from Section [/Script/Engine.GarbageCollectionSettings] File [C:/Users/kingo/Documents/GitHub/GameDevelopmentWorkshop/ParkourGame/Saved/Config/Windows/Engine.ini]
[2022.04.01-21.09.52:172][  0]LogConfig: Setting CVar [[gc.MaxObjectsNotConsideredByGC:1]]
[2022.04.01-21.09.52:172][  0]LogConfig: Setting CVar [[gc.SizeOfPermanentObjectPool:0]]
[2022.04.01-21.09.52:172][  0]LogConfig: Setting CVar [[gc.FlushStreamingOnGC:0]]
[2022.04.01-21.09.52:172][  0]LogConfig: Setting CVar [[gc.NumRetriesBeforeForcingGC:10]]
[2022.04.01-21.09.52:172][  0]LogConfig: Setting CVar [[gc.AllowParallelGC:1]]
[2022.04.01-21.09.52:172][  0]LogConfig: Setting CVar [[gc.TimeBetweenPurgingPendingKillObjects:61.1]]
[2022.04.01-21.09.52:172][  0]LogConfig: Setting CVar [[gc.MaxObjectsInEditor:25165824]]
[2022.04.01-21.09.52:172][  0]LogConfig: Setting CVar [[gc.IncrementalBeginDestroyEnabled:1]]
[2022.04.01-21.09.52:172][  0]LogConfig: Setting CVar [[gc.CreateGCClusters:1]]
[2022.04.01-21.09.52:172][  0]LogConfig: Setting CVar [[gc.MinGCClusterSize:5]]
[2022.04.01-21.09.52:172][  0]LogConfig: Setting CVar [[gc.ActorClusteringEnabled:0]]
[2022.04.01-21.09.52:172][  0]LogConfig: Setting CVar [[gc.BlueprintClusteringEnabled:0]]
[2022.04.01-21.09.52:172][  0]LogConfig: Setting CVar [[gc.UseDisregardForGCOnDedicatedServers:0]]
[2022.04.01-21.09.52:172][  0]LogConfig: Setting CVar [[gc.MultithreadedDestructionEnabled:1]]
[2022.04.01-21.09.52:172][  0]LogConfig: Applying CVar settings from Section [/Script/Engine.NetworkSettings] File [C:/Users/kingo/Documents/GitHub/GameDevelopmentWorkshop/ParkourGame/Saved/Config/Windows/Engine.ini]
[2022.04.01-21.09.52:172][  0]LogConfig: Applying CVar settings from Section [/Script/UnrealEd.CookerSettings] File [C:/Users/kingo/Documents/GitHub/GameDevelopmentWorkshop/ParkourGame/Saved/Config/Windows/Engine.ini]
[2022.04.01-21.09.52:182][  0]LogConfig: Applying CVar settings from Section [ViewDistanceQuality@3] File [C:/Users/kingo/Documents/GitHub/GameDevelopmentWorkshop/ParkourGame/Saved/Config/Windows/Scalability.ini]
[2022.04.01-21.09.52:182][  0]LogConfig: Setting CVar [[r.SkeletalMeshLODBias:0]]
[2022.04.01-21.09.52:182][  0]LogConfig: Setting CVar [[r.ViewDistanceScale:1.0]]
[2022.04.01-21.09.52:182][  0]LogConfig: Applying CVar settings from Section [AntiAliasingQuality@3] File [C:/Users/kingo/Documents/GitHub/GameDevelopmentWorkshop/ParkourGame/Saved/Config/Windows/Scalability.ini]
[2022.04.01-21.09.52:182][  0]LogConfig: Setting CVar [[r.PostProcessAAQuality:4]]
[2022.04.01-21.09.52:182][  0]LogConfig: Applying CVar settings from Section [ShadowQuality@3] File [C:/Users/kingo/Documents/GitHub/GameDevelopmentWorkshop/ParkourGame/Saved/Config/Windows/Scalability.ini]
[2022.04.01-21.09.52:182][  0]LogConfig: Setting CVar [[r.LightFunctionQuality:1]]
[2022.04.01-21.09.52:182][  0]LogConfig: Setting CVar [[r.ShadowQuality:5]]
[2022.04.01-21.09.52:182][  0]LogConfig: Setting CVar [[r.Shadow.CSM.MaxCascades:10]]
[2022.04.01-21.09.52:182][  0]LogConfig: Setting CVar [[r.Shadow.MaxResolution:2048]]
[2022.04.01-21.09.52:182][  0]LogConfig: Setting CVar [[r.Shadow.MaxCSMResolution:2048]]
[2022.04.01-21.09.52:182][  0]LogConfig: Setting CVar [[r.Shadow.RadiusThreshold:0.01]]
[2022.04.01-21.09.52:182][  0]LogConfig: Setting CVar [[r.Shadow.DistanceScale:1.0]]
[2022.04.01-21.09.52:182][  0]LogConfig: Setting CVar [[r.Shadow.CSM.TransitionScale:1.0]]
[2022.04.01-21.09.52:182][  0]LogConfig: Setting CVar [[r.Shadow.PreShadowResolutionFactor:1.0]]
[2022.04.01-21.09.52:182][  0]LogConfig: Setting CVar [[r.DistanceFieldShadowing:1]]
[2022.04.01-21.09.52:182][  0]LogConfig: Setting CVar [[r.DistanceFieldAO:1]]
[2022.04.01-21.09.52:182][  0]LogConfig: Setting CVar [[r.AOQuality:2]]
[2022.04.01-21.09.52:182][  0]LogConfig: Setting CVar [[r.VolumetricFog:1]]
[2022.04.01-21.09.52:182][  0]LogConfig: Setting CVar [[r.VolumetricFog.GridPixelSize:8]]
[2022.04.01-21.09.52:182][  0]LogConfig: Setting CVar [[r.VolumetricFog.GridSizeZ:128]]
[2022.04.01-21.09.52:182][  0]LogConfig: Setting CVar [[r.VolumetricFog.HistoryMissSupersampleCount:4]]
[2022.04.01-21.09.52:182][  0]LogConfig: Setting CVar [[r.LightMaxDrawDistanceScale:1]]
[2022.04.01-21.09.52:182][  0]LogConfig: Setting CVar [[r.CapsuleShadows:1]]
[2022.04.01-21.09.52:182][  0]LogConfig: Applying CVar settings from Section [PostProcessQuality@3] File [C:/Users/kingo/Documents/GitHub/GameDevelopmentWorkshop/ParkourGame/Saved/Config/Windows/Scalability.ini]
[2022.04.01-21.09.52:182][  0]LogConfig: Setting CVar [[r.MotionBlurQuality:4]]
[2022.04.01-21.09.52:182][  0]LogConfig: Setting CVar [[r.AmbientOcclusionMipLevelFactor:0.4]]
[2022.04.01-21.09.52:182][  0]LogConfig: Setting CVar [[r.AmbientOcclusionMaxQuality:100]]
[2022.04.01-21.09.52:182][  0]LogConfig: Setting CVar [[r.AmbientOcclusionLevels:-1]]
[2022.04.01-21.09.52:182][  0]LogConfig: Setting CVar [[r.AmbientOcclusionRadiusScale:1.0]]
[2022.04.01-21.09.52:182][  0]LogConfig: Setting CVar [[r.DepthOfFieldQuality:2]]
[2022.04.01-21.09.52:182][  0]LogConfig: Setting CVar [[r.RenderTargetPoolMin:400]]
[2022.04.01-21.09.52:182][  0]LogConfig: Setting CVar [[r.LensFlareQuality:2]]
[2022.04.01-21.09.52:182][  0]LogConfig: Setting CVar [[r.SceneColorFringeQuality:1]]
[2022.04.01-21.09.52:182][  0]LogConfig: Setting CVar [[r.EyeAdaptationQuality:2]]
[2022.04.01-21.09.52:182][  0]LogConfig: Setting CVar [[r.BloomQuality:5]]
[2022.04.01-21.09.52:182][  0]LogConfig: Setting CVar [[r.FastBlurThreshold:100]]
[2022.04.01-21.09.52:182][  0]LogConfig: Setting CVar [[r.Upscale.Quality:3]]
[2022.04.01-21.09.52:182][  0]LogConfig: Setting CVar [[r.Tonemapper.GrainQuantization:1]]
[2022.04.01-21.09.52:182][  0]LogConfig: Setting CVar [[r.LightShaftQuality:1]]
[2022.04.01-21.09.52:182][  0]LogConfig: Setting CVar [[r.Filter.SizeScale:1]]
[2022.04.01-21.09.52:182][  0]LogConfig: Setting CVar [[r.Tonemapper.Quality:5]]
[2022.04.01-21.09.52:182][  0]LogConfig: Setting CVar [[r.DOF.Gather.AccumulatorQuality:1        ; higher gathering accumulator quality]]
[2022.04.01-21.09.52:182][  0]LogConfig: Setting CVar [[r.DOF.Gather.PostfilterMethod:1          ; Median3x3 postfilering method]]
[2022.04.01-21.09.52:182][  0]LogConfig: Setting CVar [[r.DOF.Gather.EnableBokehSettings:0       ; no bokeh simulation when gathering]]
[2022.04.01-21.09.52:182][  0]LogConfig: Setting CVar [[r.DOF.Gather.RingCount:4                 ; medium number of samples when gathering]]
[2022.04.01-21.09.52:182][  0]LogConfig: Setting CVar [[r.DOF.Scatter.ForegroundCompositing:1    ; additive foreground scattering]]
[2022.04.01-21.09.52:182][  0]LogConfig: Setting CVar [[r.DOF.Scatter.BackgroundCompositing:2    ; additive background scattering]]
[2022.04.01-21.09.52:182][  0]LogConfig: Setting CVar [[r.DOF.Scatter.EnableBokehSettings:1      ; bokeh simulation when scattering]]
[2022.04.01-21.09.52:182][  0]LogConfig: Setting CVar [[r.DOF.Scatter.MaxSpriteRatio:0.1         ; only a maximum of 10% of scattered bokeh]]
[2022.04.01-21.09.52:182][  0]LogConfig: Setting CVar [[r.DOF.Recombine.Quality:1                ; cheap slight out of focus]]
[2022.04.01-21.09.52:182][  0]LogConfig: Setting CVar [[r.DOF.Recombine.EnableBokehSettings:0    ; no bokeh simulation on slight out of focus]]
[2022.04.01-21.09.52:182][  0]LogConfig: Setting CVar [[r.DOF.TemporalAAQuality:1                ; more stable temporal accumulation]]
[2022.04.01-21.09.52:182][  0]LogConfig: Setting CVar [[r.DOF.Kernel.MaxForegroundRadius:0.025]]
[2022.04.01-21.09.52:182][  0]LogConfig: Setting CVar [[r.DOF.Kernel.MaxBackgroundRadius:0.025]]
[2022.04.01-21.09.52:182][  0]LogConfig: Applying CVar settings from Section [TextureQuality@3] File [C:/Users/kingo/Documents/GitHub/GameDevelopmentWorkshop/ParkourGame/Saved/Config/Windows/Scalability.ini]
[2022.04.01-21.09.52:182][  0]LogConfig: Setting CVar [[r.Streaming.MipBias:0]]
[2022.04.01-21.09.52:182][  0]LogConfig: Setting CVar [[r.Streaming.AmortizeCPUToGPUCopy:0]]
[2022.04.01-21.09.52:182][  0]LogConfig: Setting CVar [[r.Streaming.MaxNumTexturesToStreamPerFrame:0]]
[2022.04.01-21.09.52:182][  0]LogConfig: Setting CVar [[r.Streaming.Boost:1]]
[2022.04.01-21.09.52:182][  0]LogConfig: Setting CVar [[r.MaxAnisotropy:8]]
[2022.04.01-21.09.52:182][  0]LogConfig: Setting CVar [[r.VT.MaxAnisotropy:8]]
[2022.04.01-21.09.52:182][  0]LogConfig: Setting CVar [[r.Streaming.LimitPoolSizeToVRAM:0]]
[2022.04.01-21.09.52:182][  0]LogConfig: Setting CVar [[r.Streaming.PoolSize:1000]]
[2022.04.01-21.09.52:182][  0]LogConfig: Setting CVar [[r.Streaming.MaxEffectiveScreenSize:0]]
[2022.04.01-21.09.52:182][  0]LogConfig: Applying CVar settings from Section [EffectsQuality@3] File [C:/Users/kingo/Documents/GitHub/GameDevelopmentWorkshop/ParkourGame/Saved/Config/Windows/Scalability.ini]
[2022.04.01-21.09.52:182][  0]LogConfig: Setting CVar [[r.TranslucencyLightingVolumeDim:64]]
[2022.04.01-21.09.52:182][  0]LogConfig: Setting CVar [[r.RefractionQuality:2]]
[2022.04.01-21.09.52:182][  0]LogConfig: Setting CVar [[r.SSR.Quality:3]]
[2022.04.01-21.09.52:182][  0]LogConfig: Setting CVar [[r.SSR.HalfResSceneColor:0]]
[2022.04.01-21.09.52:182][  0]LogConfig: Setting CVar [[r.SceneColorFormat:4]]
[2022.04.01-21.09.52:182][  0]LogConfig: Setting CVar [[r.DetailMode:2]]
[2022.04.01-21.09.52:182][  0]LogConfig: Setting CVar [[r.TranslucencyVolumeBlur:1]]
[2022.04.01-21.09.52:182][  0]LogConfig: Setting CVar [[r.MaterialQualityLevel:1 ; High quality]]
[2022.04.01-21.09.52:182][  0]LogConfig: Setting CVar [[r.AnisotropicMaterials:1]]
[2022.04.01-21.09.52:182][  0]LogConfig: Setting CVar [[r.SSS.Scale:1]]
[2022.04.01-21.09.52:182][  0]LogConfig: Setting CVar [[r.SSS.SampleSet:2]]
[2022.04.01-21.09.52:182][  0]LogConfig: Setting CVar [[r.SSS.Quality:1]]
[2022.04.01-21.09.52:182][  0]LogConfig: Setting CVar [[r.SSS.HalfRes:0]]
[2022.04.01-21.09.52:182][  0]LogConfig: Setting CVar [[r.SSGI.Quality:3]]
[2022.04.01-21.09.52:182][  0]LogConfig: Setting CVar [[r.EmitterSpawnRateScale:1.0]]
[2022.04.01-21.09.52:182][  0]LogConfig: Setting CVar [[r.ParticleLightQuality:2]]
[2022.04.01-21.09.52:182][  0]LogConfig: Setting CVar [[r.SkyAtmosphere.AerialPerspectiveLUT.FastApplyOnOpaque:1 ; Always have FastSkyLUT 1 in this case to avoid wrong sky]]
[2022.04.01-21.09.52:182][  0]LogConfig: Setting CVar [[r.SkyAtmosphere.AerialPerspectiveLUT.SampleCountMaxPerSlice:4]]
[2022.04.01-21.09.52:182][  0]LogConfig: Setting CVar [[r.SkyAtmosphere.AerialPerspectiveLUT.DepthResolution:16.0]]
[2022.04.01-21.09.52:182][  0]LogConfig: Setting CVar [[r.SkyAtmosphere.FastSkyLUT:1]]
[2022.04.01-21.09.52:182][  0]LogConfig: Setting CVar [[r.SkyAtmosphere.FastSkyLUT.SampleCountMin:4.0]]
[2022.04.01-21.09.52:182][  0]LogConfig: Setting CVar [[r.SkyAtmosphere.FastSkyLUT.SampleCountMax:128.0]]
[2022.04.01-21.09.52:182][  0]LogConfig: Setting CVar [[r.SkyAtmosphere.SampleCountMin:4.0]]
[2022.04.01-21.09.52:182][  0]LogConfig: Setting CVar [[r.SkyAtmosphere.SampleCountMax:128.0]]
[2022.04.01-21.09.52:182][  0]LogConfig: Setting CVar [[r.SkyAtmosphere.TransmittanceLUT.UseSmallFormat:0]]
[2022.04.01-21.09.52:182][  0]LogConfig: Setting CVar [[r.SkyAtmosphere.TransmittanceLUT.SampleCount:10.0]]
[2022.04.01-21.09.52:182][  0]LogConfig: Setting CVar [[r.SkyAtmosphere.MultiScatteringLUT.SampleCount:15.0]]
[2022.04.01-21.09.52:182][  0]LogConfig: Setting CVar [[r.SkyLight.RealTimeReflectionCapture:1]]
[2022.04.01-21.09.52:182][  0]LogConfig: Applying CVar settings from Section [FoliageQuality@3] File [C:/Users/kingo/Documents/GitHub/GameDevelopmentWorkshop/ParkourGame/Saved/Config/Windows/Scalability.ini]
[2022.04.01-21.09.52:182][  0]LogConfig: Setting CVar [[foliage.DensityScale:1.0]]
[2022.04.01-21.09.52:182][  0]LogConfig: Setting CVar [[grass.DensityScale:1.0]]
[2022.04.01-21.09.52:182][  0]LogConfig: Applying CVar settings from Section [ShadingQuality@3] File [C:/Users/kingo/Documents/GitHub/GameDevelopmentWorkshop/ParkourGame/Saved/Config/Windows/Scalability.ini]
[2022.04.01-21.09.52:182][  0]LogConfig: Setting CVar [[r.HairStrands.SkyLighting.IntegrationType:2]]
[2022.04.01-21.09.52:182][  0]LogConfig: Setting CVar [[r.HairStrands.SkyAO.SampleCount:4]]
[2022.04.01-21.09.52:182][  0]LogConfig: Setting CVar [[r.HairStrands.Visibility.MSAA.SamplePerPixel:4]]
[2022.04.01-21.09.52:182][  0]LogInit: Selected Device Profile: [Windows]
[2022.04.01-21.09.52:182][  0]LogInit: Applying CVar settings loaded from the selected device profile: [Windows]
[2022.04.01-21.09.52:182][  0]LogHAL: Display: Platform has ~ 32 GB [33722097664 / 34359738368 / 32], which maps to Largest [LargestMinGB=32, LargerMinGB=12, DefaultMinGB=8, SmallerMinGB=6, SmallestMinGB=0)
[2022.04.01-21.09.52:183][  0]LogInit: Going up to parent DeviceProfile []
[2022.04.01-21.09.52:183][  0]LogConfig: Applying CVar settings from Section [ViewDistanceQuality@3] File [C:/Users/kingo/Documents/GitHub/GameDevelopmentWorkshop/ParkourGame/Saved/Config/Windows/Scalability.ini]
[2022.04.01-21.09.52:183][  0]LogConfig: Setting CVar [[r.SkeletalMeshLODBias:0]]
[2022.04.01-21.09.52:183][  0]LogConfig: Setting CVar [[r.ViewDistanceScale:1.0]]
[2022.04.01-21.09.52:183][  0]LogConfig: Applying CVar settings from Section [AntiAliasingQuality@3] File [C:/Users/kingo/Documents/GitHub/GameDevelopmentWorkshop/ParkourGame/Saved/Config/Windows/Scalability.ini]
[2022.04.01-21.09.52:183][  0]LogConfig: Setting CVar [[r.PostProcessAAQuality:4]]
[2022.04.01-21.09.52:183][  0]LogConfig: Applying CVar settings from Section [ShadowQuality@3] File [C:/Users/kingo/Documents/GitHub/GameDevelopmentWorkshop/ParkourGame/Saved/Config/Windows/Scalability.ini]
[2022.04.01-21.09.52:183][  0]LogConfig: Setting CVar [[r.LightFunctionQuality:1]]
[2022.04.01-21.09.52:183][  0]LogConfig: Setting CVar [[r.ShadowQuality:5]]
[2022.04.01-21.09.52:183][  0]LogConfig: Setting CVar [[r.Shadow.CSM.MaxCascades:10]]
[2022.04.01-21.09.52:183][  0]LogConfig: Setting CVar [[r.Shadow.MaxResolution:2048]]
[2022.04.01-21.09.52:183][  0]LogConfig: Setting CVar [[r.Shadow.MaxCSMResolution:2048]]
[2022.04.01-21.09.52:183][  0]LogConfig: Setting CVar [[r.Shadow.RadiusThreshold:0.01]]
[2022.04.01-21.09.52:183][  0]LogConfig: Setting CVar [[r.Shadow.DistanceScale:1.0]]
[2022.04.01-21.09.52:183][  0]LogConfig: Setting CVar [[r.Shadow.CSM.TransitionScale:1.0]]
[2022.04.01-21.09.52:183][  0]LogConfig: Setting CVar [[r.Shadow.PreShadowResolutionFactor:1.0]]
[2022.04.01-21.09.52:183][  0]LogConfig: Setting CVar [[r.DistanceFieldShadowing:1]]
[2022.04.01-21.09.52:183][  0]LogConfig: Setting CVar [[r.DistanceFieldAO:1]]
[2022.04.01-21.09.52:183][  0]LogConfig: Setting CVar [[r.AOQuality:2]]
[2022.04.01-21.09.52:183][  0]LogConfig: Setting CVar [[r.VolumetricFog:1]]
[2022.04.01-21.09.52:183][  0]LogConfig: Setting CVar [[r.VolumetricFog.GridPixelSize:8]]
[2022.04.01-21.09.52:183][  0]LogConfig: Setting CVar [[r.VolumetricFog.GridSizeZ:128]]
[2022.04.01-21.09.52:183][  0]LogConfig: Setting CVar [[r.VolumetricFog.HistoryMissSupersampleCount:4]]
[2022.04.01-21.09.52:183][  0]LogConfig: Setting CVar [[r.LightMaxDrawDistanceScale:1]]
[2022.04.01-21.09.52:183][  0]LogConfig: Setting CVar [[r.CapsuleShadows:1]]
[2022.04.01-21.09.52:183][  0]LogConfig: Applying CVar settings from Section [PostProcessQuality@3] File [C:/Users/kingo/Documents/GitHub/GameDevelopmentWorkshop/ParkourGame/Saved/Config/Windows/Scalability.ini]
[2022.04.01-21.09.52:183][  0]LogConfig: Setting CVar [[r.MotionBlurQuality:4]]
[2022.04.01-21.09.52:183][  0]LogConfig: Setting CVar [[r.AmbientOcclusionMipLevelFactor:0.4]]
[2022.04.01-21.09.52:183][  0]LogConfig: Setting CVar [[r.AmbientOcclusionMaxQuality:100]]
[2022.04.01-21.09.52:183][  0]LogConfig: Setting CVar [[r.AmbientOcclusionLevels:-1]]
[2022.04.01-21.09.52:183][  0]LogConfig: Setting CVar [[r.AmbientOcclusionRadiusScale:1.0]]
[2022.04.01-21.09.52:183][  0]LogConfig: Setting CVar [[r.DepthOfFieldQuality:2]]
[2022.04.01-21.09.52:183][  0]LogConfig: Setting CVar [[r.RenderTargetPoolMin:400]]
[2022.04.01-21.09.52:183][  0]LogConfig: Setting CVar [[r.LensFlareQuality:2]]
[2022.04.01-21.09.52:183][  0]LogConfig: Setting CVar [[r.SceneColorFringeQuality:1]]
[2022.04.01-21.09.52:183][  0]LogConfig: Setting CVar [[r.EyeAdaptationQuality:2]]
[2022.04.01-21.09.52:183][  0]LogConfig: Setting CVar [[r.BloomQuality:5]]
[2022.04.01-21.09.52:183][  0]LogConfig: Setting CVar [[r.FastBlurThreshold:100]]
[2022.04.01-21.09.52:183][  0]LogConfig: Setting CVar [[r.Upscale.Quality:3]]
[2022.04.01-21.09.52:183][  0]LogConfig: Setting CVar [[r.Tonemapper.GrainQuantization:1]]
[2022.04.01-21.09.52:183][  0]LogConfig: Setting CVar [[r.LightShaftQuality:1]]
[2022.04.01-21.09.52:183][  0]LogConfig: Setting CVar [[r.Filter.SizeScale:1]]
[2022.04.01-21.09.52:183][  0]LogConfig: Setting CVar [[r.Tonemapper.Quality:5]]
[2022.04.01-21.09.52:183][  0]LogConfig: Setting CVar [[r.DOF.Gather.AccumulatorQuality:1        ; higher gathering accumulator quality]]
[2022.04.01-21.09.52:183][  0]LogConfig: Setting CVar [[r.DOF.Gather.PostfilterMethod:1          ; Median3x3 postfilering method]]
[2022.04.01-21.09.52:183][  0]LogConfig: Setting CVar [[r.DOF.Gather.EnableBokehSettings:0       ; no bokeh simulation when gathering]]
[2022.04.01-21.09.52:183][  0]LogConfig: Setting CVar [[r.DOF.Gather.RingCount:4                 ; medium number of samples when gathering]]
[2022.04.01-21.09.52:183][  0]LogConfig: Setting CVar [[r.DOF.Scatter.ForegroundCompositing:1    ; additive foreground scattering]]
[2022.04.01-21.09.52:183][  0]LogConfig: Setting CVar [[r.DOF.Scatter.BackgroundCompositing:2    ; additive background scattering]]
[2022.04.01-21.09.52:183][  0]LogConfig: Setting CVar [[r.DOF.Scatter.EnableBokehSettings:1      ; bokeh simulation when scattering]]
[2022.04.01-21.09.52:183][  0]LogConfig: Setting CVar [[r.DOF.Scatter.MaxSpriteRatio:0.1         ; only a maximum of 10% of scattered bokeh]]
[2022.04.01-21.09.52:183][  0]LogConfig: Setting CVar [[r.DOF.Recombine.Quality:1                ; cheap slight out of focus]]
[2022.04.01-21.09.52:183][  0]LogConfig: Setting CVar [[r.DOF.Recombine.EnableBokehSettings:0    ; no bokeh simulation on slight out of focus]]
[2022.04.01-21.09.52:183][  0]LogConfig: Setting CVar [[r.DOF.TemporalAAQuality:1                ; more stable temporal accumulation]]
[2022.04.01-21.09.52:183][  0]LogConfig: Setting CVar [[r.DOF.Kernel.MaxForegroundRadius:0.025]]
[2022.04.01-21.09.52:183][  0]LogConfig: Setting CVar [[r.DOF.Kernel.MaxBackgroundRadius:0.025]]
[2022.04.01-21.09.52:183][  0]LogConfig: Applying CVar settings from Section [TextureQuality@3] File [C:/Users/kingo/Documents/GitHub/GameDevelopmentWorkshop/ParkourGame/Saved/Config/Windows/Scalability.ini]
[2022.04.01-21.09.52:183][  0]LogConfig: Setting CVar [[r.Streaming.MipBias:0]]
[2022.04.01-21.09.52:183][  0]LogConfig: Setting CVar [[r.Streaming.AmortizeCPUToGPUCopy:0]]
[2022.04.01-21.09.52:183][  0]LogConfig: Setting CVar [[r.Streaming.MaxNumTexturesToStreamPerFrame:0]]
[2022.04.01-21.09.52:183][  0]LogConfig: Setting CVar [[r.Streaming.Boost:1]]
[2022.04.01-21.09.52:183][  0]LogConfig: Setting CVar [[r.MaxAnisotropy:8]]
[2022.04.01-21.09.52:183][  0]LogConfig: Setting CVar [[r.VT.MaxAnisotropy:8]]
[2022.04.01-21.09.52:183][  0]LogConfig: Setting CVar [[r.Streaming.LimitPoolSizeToVRAM:0]]
[2022.04.01-21.09.52:183][  0]LogConfig: Setting CVar [[r.Streaming.PoolSize:1000]]
[2022.04.01-21.09.52:183][  0]LogConfig: Setting CVar [[r.Streaming.MaxEffectiveScreenSize:0]]
[2022.04.01-21.09.52:183][  0]LogConfig: Applying CVar settings from Section [EffectsQuality@3] File [C:/Users/kingo/Documents/GitHub/GameDevelopmentWorkshop/ParkourGame/Saved/Config/Windows/Scalability.ini]
[2022.04.01-21.09.52:183][  0]LogConfig: Setting CVar [[r.TranslucencyLightingVolumeDim:64]]
[2022.04.01-21.09.52:183][  0]LogConfig: Setting CVar [[r.RefractionQuality:2]]
[2022.04.01-21.09.52:183][  0]LogConfig: Setting CVar [[r.SSR.Quality:3]]
[2022.04.01-21.09.52:183][  0]LogConfig: Setting CVar [[r.SSR.HalfResSceneColor:0]]
[2022.04.01-21.09.52:183][  0]LogConfig: Setting CVar [[r.SceneColorFormat:4]]
[2022.04.01-21.09.52:183][  0]LogConfig: Setting CVar [[r.DetailMode:2]]
[2022.04.01-21.09.52:183][  0]LogConfig: Setting CVar [[r.TranslucencyVolumeBlur:1]]
[2022.04.01-21.09.52:183][  0]LogConfig: Setting CVar [[r.MaterialQualityLevel:1 ; High quality]]
[2022.04.01-21.09.52:183][  0]LogConfig: Setting CVar [[r.AnisotropicMaterials:1]]
[2022.04.01-21.09.52:183][  0]LogConfig: Setting CVar [[r.SSS.Scale:1]]
[2022.04.01-21.09.52:183][  0]LogConfig: Setting CVar [[r.SSS.SampleSet:2]]
[2022.04.01-21.09.52:183][  0]LogConfig: Setting CVar [[r.SSS.Quality:1]]
[2022.04.01-21.09.52:183][  0]LogConfig: Setting CVar [[r.SSS.HalfRes:0]]
[2022.04.01-21.09.52:183][  0]LogConfig: Setting CVar [[r.SSGI.Quality:3]]
[2022.04.01-21.09.52:183][  0]LogConfig: Setting CVar [[r.EmitterSpawnRateScale:1.0]]
[2022.04.01-21.09.52:183][  0]LogConfig: Setting CVar [[r.ParticleLightQuality:2]]
[2022.04.01-21.09.52:183][  0]LogConfig: Setting CVar [[r.SkyAtmosphere.AerialPerspectiveLUT.FastApplyOnOpaque:1 ; Always have FastSkyLUT 1 in this case to avoid wrong sky]]
[2022.04.01-21.09.52:183][  0]LogConfig: Setting CVar [[r.SkyAtmosphere.AerialPerspectiveLUT.SampleCountMaxPerSlice:4]]
[2022.04.01-21.09.52:183][  0]LogConfig: Setting CVar [[r.SkyAtmosphere.AerialPerspectiveLUT.DepthResolution:16.0]]
[2022.04.01-21.09.52:183][  0]LogConfig: Setting CVar [[r.SkyAtmosphere.FastSkyLUT:1]]
[2022.04.01-21.09.52:183][  0]LogConfig: Setting CVar [[r.SkyAtmosphere.FastSkyLUT.SampleCountMin:4.0]]
[2022.04.01-21.09.52:183][  0]LogConfig: Setting CVar [[r.SkyAtmosphere.FastSkyLUT.SampleCountMax:128.0]]
[2022.04.01-21.09.52:183][  0]LogConfig: Setting CVar [[r.SkyAtmosphere.SampleCountMin:4.0]]
[2022.04.01-21.09.52:183][  0]LogConfig: Setting CVar [[r.SkyAtmosphere.SampleCountMax:128.0]]
[2022.04.01-21.09.52:183][  0]LogConfig: Setting CVar [[r.SkyAtmosphere.TransmittanceLUT.UseSmallFormat:0]]
[2022.04.01-21.09.52:183][  0]LogConfig: Setting CVar [[r.SkyAtmosphere.TransmittanceLUT.SampleCount:10.0]]
[2022.04.01-21.09.52:183][  0]LogConfig: Setting CVar [[r.SkyAtmosphere.MultiScatteringLUT.SampleCount:15.0]]
[2022.04.01-21.09.52:183][  0]LogConfig: Setting CVar [[r.SkyLight.RealTimeReflectionCapture:1]]
[2022.04.01-21.09.52:183][  0]LogConfig: Applying CVar settings from Section [FoliageQuality@3] File [C:/Users/kingo/Documents/GitHub/GameDevelopmentWorkshop/ParkourGame/Saved/Config/Windows/Scalability.ini]
[2022.04.01-21.09.52:183][  0]LogConfig: Setting CVar [[foliage.DensityScale:1.0]]
[2022.04.01-21.09.52:183][  0]LogConfig: Setting CVar [[grass.DensityScale:1.0]]
[2022.04.01-21.09.52:183][  0]LogConfig: Applying CVar settings from Section [ShadingQuality@3] File [C:/Users/kingo/Documents/GitHub/GameDevelopmentWorkshop/ParkourGame/Saved/Config/Windows/Scalability.ini]
[2022.04.01-21.09.52:183][  0]LogConfig: Setting CVar [[r.HairStrands.SkyLighting.IntegrationType:2]]
[2022.04.01-21.09.52:183][  0]LogConfig: Setting CVar [[r.HairStrands.SkyAO.SampleCount:4]]
[2022.04.01-21.09.52:183][  0]LogConfig: Setting CVar [[r.HairStrands.Visibility.MSAA.SamplePerPixel:4]]
[2022.04.01-21.09.52:183][  0]LogConfig: Applying CVar settings from Section [Startup] File [../../../Engine/Config/ConsoleVariables.ini]
[2022.04.01-21.09.52:184][  0]LogConfig: Setting CVar [[net.UseAdaptiveNetUpdateFrequency:0]]
[2022.04.01-21.09.52:184][  0]LogConfig: Setting CVar [[p.chaos.AllowCreatePhysxBodies:1]]
[2022.04.01-21.09.52:184][  0]LogConfig: Setting CVar [[fx.SkipVectorVMBackendOptimizations:1]]
[2022.04.01-21.09.52:184][  0]LogConfig: Applying CVar settings from Section [ConsoleVariables] File [C:/Users/kingo/Documents/GitHub/GameDevelopmentWorkshop/ParkourGame/Saved/Config/Windows/Engine.ini]
[2022.04.01-21.09.52:184][  0]LogConfig: Applying CVar settings from Section [ConsoleVariables] File [C:/Users/kingo/Documents/GitHub/GameDevelopmentWorkshop/ParkourGame/Saved/Config/Windows/Editor.ini]
[2022.04.01-21.09.52:184][  0]LogInit: Computer: GATBINGMACHINE
[2022.04.01-21.09.52:184][  0]LogInit: User: kingo
[2022.04.01-21.09.52:184][  0]LogInit: CPU Page size=4096, Cores=8
[2022.04.01-21.09.52:184][  0]LogInit: High frequency timer resolution =10.000000 MHz
[2022.04.01-21.09.52:184][  0]LogMemory: Memory total: Physical=31.4GB (32GB approx)
[2022.04.01-21.09.52:184][  0]LogMemory: Platform Memory Stats for Windows
[2022.04.01-21.09.52:184][  0]LogMemory: Process Physical Memory: 152.05 MB used, 152.05 MB peak
[2022.04.01-21.09.52:184][  0]LogMemory: Process Virtual Memory: 133.75 MB used, 133.75 MB peak
[2022.04.01-21.09.52:184][  0]LogMemory: Physical Memory: 15506.37 MB used,  16653.53 MB free, 32159.90 MB total
[2022.04.01-21.09.52:184][  0]LogMemory: Virtual Memory: 134200744.00 MB used,  16982.31 MB free, 134217728.00 MB total
[2022.04.01-21.09.52:188][  0]LogWindows: WindowsPlatformFeatures enabled
[2022.04.01-21.09.52:208][  0]LogInit: Physics initialised using underlying interface: PhysX
[2022.04.01-21.09.52:209][  0]LogInit: Using OS detected language (en-US).
[2022.04.01-21.09.52:209][  0]LogInit: Using OS detected locale (en-US).
[2022.04.01-21.09.52:212][  0]LogTextLocalizationManager: No specific localization for 'en-US' exists, so the 'en' localization will be used.
[2022.04.01-21.09.52:375][  0]LogInit: Setting process to per monitor DPI aware
[2022.04.01-21.09.52:383][  0]LogWindowsTextInputMethodSystem: Display: IME system deactivated.
[2022.04.01-21.09.52:394][  0]LogSlate: New Slate User Created.  User Index 0, Is Virtual User: 0
[2022.04.01-21.09.52:394][  0]LogSlate: Slate User Registered.  User Index 0, Is Virtual User: 0
[2022.04.01-21.09.52:528][  0]LogD3D11RHI: Loaded GFSDK_Aftermath_Lib.x64.dll
[2022.04.01-21.09.52:534][  0]LogHMD: Failed to initialize OpenVR with code 110
[2022.04.01-21.09.52:534][  0]LogD3D11RHI: D3D11 min allowed feature level: 11_0
[2022.04.01-21.09.52:534][  0]LogD3D11RHI: D3D11 max allowed feature level: 11_0
[2022.04.01-21.09.52:534][  0]LogD3D11RHI: D3D11 adapters:
[2022.04.01-21.09.52:571][  0]LogD3D11RHI:    0. 'AMD Radeon RX 6800M' (Feature Level 11_0)
[2022.04.01-21.09.52:571][  0]LogD3D11RHI:       11987/0/16079 MB DedicatedVideo/DedicatedSystem/SharedSystem, Outputs:1, VendorId:0x1002
[2022.04.01-21.09.52:604][  0]LogD3D11RHI:    1. 'AMD Radeon(TM) Graphics' (Feature Level 11_0)
[2022.04.01-21.09.52:604][  0]LogD3D11RHI:       496/0/16079 MB DedicatedVideo/DedicatedSystem/SharedSystem, Outputs:0, VendorId:0x1002
[2022.04.01-21.09.52:606][  0]LogD3D11RHI:    2. 'Microsoft Basic Render Driver' (Feature Level 11_0)
[2022.04.01-21.09.52:606][  0]LogD3D11RHI:       0/0/16079 MB DedicatedVideo/DedicatedSystem/SharedSystem, Outputs:0, VendorId:0x1414
[2022.04.01-21.09.52:606][  0]LogD3D11RHI: Chosen D3D11 Adapter:
[2022.04.01-21.09.52:606][  0]LogD3D11RHI:     Description : AMD Radeon RX 6800M
[2022.04.01-21.09.52:606][  0]LogD3D11RHI:     VendorId    : 1002
[2022.04.01-21.09.52:606][  0]LogD3D11RHI:     DeviceId    : 73df
[2022.04.01-21.09.52:606][  0]LogD3D11RHI:     SubSysId    : 16c21043
[2022.04.01-21.09.52:606][  0]LogD3D11RHI:     Revision    : 00c3
[2022.04.01-21.09.52:606][  0]LogD3D11RHI:     DedicatedVideoMemory : 12569473024 bytes
[2022.04.01-21.09.52:606][  0]LogD3D11RHI:     DedicatedSystemMemory : 0 bytes
[2022.04.01-21.09.52:606][  0]LogD3D11RHI:     SharedSystemMemory : 16861048832 bytes
[2022.04.01-21.09.52:606][  0]LogD3D11RHI:     AdapterLuid : 0 71161
[2022.04.01-21.09.52:613][  0]LogD3D11RHI: Creating new Direct3DDevice
[2022.04.01-21.09.52:613][  0]LogD3D11RHI:     GPU DeviceId: 0x73df (for the marketing name, search the web for "GPU Device Id")
[2022.04.01-21.09.52:613][  0]LogWindows: EnumDisplayDevices:
[2022.04.01-21.09.52:613][  0]LogWindows:    0. 'AMD Radeon(TM) Graphics' (P:1 D:1)
[2022.04.01-21.09.52:614][  0]LogWindows:    1. 'AMD Radeon(TM) Graphics' (P:0 D:0)
[2022.04.01-21.09.52:614][  0]LogWindows:    2. 'AMD Radeon(TM) Graphics' (P:0 D:0)
[2022.04.01-21.09.52:614][  0]LogWindows:    3. 'AMD Radeon RX 6800M' (P:0 D:0)
[2022.04.01-21.09.52:614][  0]LogWindows:    4. 'AMD Radeon RX 6800M' (P:0 D:0)
[2022.04.01-21.09.52:615][  0]LogWindows:    5. 'AMD Radeon RX 6800M' (P:0 D:0)
[2022.04.01-21.09.52:615][  0]LogWindows:    6. 'AMD Radeon RX 6800M' (P:0 D:0)
[2022.04.01-21.09.52:615][  0]LogWindows:    7. 'AMD Radeon RX 6800M' (P:0 D:0)
[2022.04.01-21.09.52:615][  0]LogWindows: DebugString: PrimaryIsNotTheChoosenAdapter PrimaryIsNotTheChoosenAdapter PrimaryIsNotTheChoosenAdapter FoundDriverCount:5 
[2022.04.01-21.09.52:615][  0]LogD3D11RHI:     Adapter Name: AMD Radeon RX 6800M
[2022.04.01-21.09.52:615][  0]LogD3D11RHI:   Driver Version: Adrenalin 21.30.02.13 (internal:30.0.13002.13003, unified:30.0.13002.13003)
[2022.04.01-21.09.52:615][  0]LogD3D11RHI:      Driver Date: 12-15-2021
[2022.04.01-21.09.52:615][  0]LogRHI: Texture pool is 7853 MB (70% of 11219 MB)
[2022.04.01-21.09.52:633][  0]LogD3D11RHI: Creating D3DDevice with AMD AGS, using adapter:
[2022.04.01-21.09.52:633][  0]LogD3D11RHI:     Description : AMD Radeon RX 6800M
[2022.04.01-21.09.52:633][  0]LogD3D11RHI:     VendorId    : 1002
[2022.04.01-21.09.52:633][  0]LogD3D11RHI:     DeviceId    : 73df
[2022.04.01-21.09.52:633][  0]LogD3D11RHI:     SubSysId    : 16c21043
[2022.04.01-21.09.52:633][  0]LogD3D11RHI:     Revision    : 00c3
[2022.04.01-21.09.52:633][  0]LogD3D11RHI:     DedicatedVideoMemory : 12569473024 bytes
[2022.04.01-21.09.52:633][  0]LogD3D11RHI:     DedicatedSystemMemory : 0 bytes
[2022.04.01-21.09.52:633][  0]LogD3D11RHI:     SharedSystemMemory : 16861048832 bytes
[2022.04.01-21.09.52:633][  0]LogD3D11RHI:     AdapterLuid : 0 71161
[2022.04.01-21.09.52:664][  0]LogD3D11RHI: Created device via AGS, feature level 11_0, supported extensions 1fffffbf.
[2022.04.01-21.09.52:664][  0]LogD3D11RHI: RHI has support for 64 bit atomics
[2022.04.01-21.09.52:664][  0]LogD3D11RHI: Async texture creation enabled
[2022.04.01-21.09.52:664][  0]LogD3D11RHI: Array index from any shader is supported
[2022.04.01-21.09.52:677][  0]LogD3D11RHI: GPU Timing Frequency: 100.000000 (Debug: 2 1)
[2022.04.01-21.09.52:936][  0]LogTargetPlatformManager: Display: Loaded TargetPlatform 'AllDesktop'
[2022.04.01-21.09.52:954][  0]LogTargetPlatformManager: Display: Loaded TargetPlatform 'Android'
[2022.04.01-21.09.52:954][  0]LogTargetPlatformManager: Display: Loaded TargetPlatform 'Android_ASTC'
[2022.04.01-21.09.52:954][  0]LogTargetPlatformManager: Display: Loaded TargetPlatform 'Android_DXT'
[2022.04.01-21.09.52:954][  0]LogTargetPlatformManager: Display: Loaded TargetPlatform 'Android_ETC2'
[2022.04.01-21.09.52:954][  0]LogTargetPlatformManager: Display: Loaded TargetPlatform 'AndroidClient'
[2022.04.01-21.09.52:954][  0]LogTargetPlatformManager: Display: Loaded TargetPlatform 'Android_ASTCClient'
[2022.04.01-21.09.52:954][  0]LogTargetPlatformManager: Display: Loaded TargetPlatform 'Android_DXTClient'
[2022.04.01-21.09.52:954][  0]LogTargetPlatformManager: Display: Loaded TargetPlatform 'Android_ETC2Client'
[2022.04.01-21.09.52:954][  0]LogTargetPlatformManager: Display: Loaded TargetPlatform 'Android_Multi'
[2022.04.01-21.09.52:954][  0]LogTargetPlatformManager: Display: Loaded TargetPlatform 'Android_MultiClient'
[2022.04.01-21.09.52:970][  0]LogTargetPlatformManager: Display: Loaded TargetPlatform 'IOSClient'
[2022.04.01-21.09.52:970][  0]LogTargetPlatformManager: Display: Loaded TargetPlatform 'IOS'
[2022.04.01-21.09.52:980][  0]LogTargetPlatformManager: Display: Loaded TargetPlatform 'Linux'
[2022.04.01-21.09.52:985][  0]LogTargetPlatformManager: Display: Loaded TargetPlatform 'LinuxNoEditor'
[2022.04.01-21.09.52:991][  0]LogTargetPlatformManager: Display: Loaded TargetPlatform 'LinuxClient'
[2022.04.01-21.09.52:996][  0]LogTargetPlatformManager: Display: Loaded TargetPlatform 'LinuxServer'
[2022.04.01-21.09.53:005][  0]LogTargetPlatformManager: Display: Loaded TargetPlatform 'LinuxAArch64NoEditor'
[2022.04.01-21.09.53:009][  0]LogTargetPlatformManager: Display: Loaded TargetPlatform 'LinuxAArch64Client'
[2022.04.01-21.09.53:013][  0]LogTargetPlatformManager: Display: Loaded TargetPlatform 'LinuxAArch64Server'
[2022.04.01-21.09.53:034][  0]LogTargetPlatformManager: Display: Loaded TargetPlatform 'Lumin'
[2022.04.01-21.09.53:034][  0]LogTargetPlatformManager: Display: Loaded TargetPlatform 'LuminClient'
[2022.04.01-21.09.53:041][  0]LogTargetPlatformManager: Display: Loaded TargetPlatform 'MacNoEditor'
[2022.04.01-21.09.53:045][  0]LogTargetPlatformManager: Display: Loaded TargetPlatform 'Mac'
[2022.04.01-21.09.53:049][  0]LogTargetPlatformManager: Display: Loaded TargetPlatform 'MacClient'
[2022.04.01-21.09.53:053][  0]LogTargetPlatformManager: Display: Loaded TargetPlatform 'MacServer'
[2022.04.01-21.09.53:062][  0]LogTargetPlatformManager: Display: Loaded TargetPlatform 'TVOSClient'
[2022.04.01-21.09.53:062][  0]LogTargetPlatformManager: Display: Loaded TargetPlatform 'TVOS'
[2022.04.01-21.09.53:070][  0]LogTargetPlatformManager: Display: Loaded TargetPlatform 'WindowsNoEditor'
[2022.04.01-21.09.53:074][  0]LogTargetPlatformManager: Display: Loaded TargetPlatform 'Windows'
[2022.04.01-21.09.53:078][  0]LogTargetPlatformManager: Display: Loaded TargetPlatform 'WindowsClient'
[2022.04.01-21.09.53:082][  0]LogTargetPlatformManager: Display: Loaded TargetPlatform 'WindowsServer'
[2022.04.01-21.09.53:082][  0]LogTargetPlatformManager: Display: Building Assets For Windows
[2022.04.01-21.09.53:089][  0]LogAudioDebug: Display: Lib vorbis DLL was dynamically loaded.
[2022.04.01-21.09.53:117][  0]LogTextureFormatOodle: Display: Oodle Texture 2.9.0 init RDO Off
[2022.04.01-21.09.53:146][  0]LogRendererCore: Ray tracing is disabled. Reason: r.RayTracing=0.
[2022.04.01-21.09.53:146][  0]LogShaderCompilers: Guid format shader working directory is -37 characters bigger than the processId version (../../../../../../Users/kingo/Documents/GitHub/GameDevelopmentWorkshop/ParkourGame/Intermediate/Shaders/WorkingDirectory/13796/).
[2022.04.01-21.09.53:146][  0]LogShaderCompilers: Cleaned the shader compiler working directory 'C:/Users/kingo/AppData/Local/Temp/UnrealShaderWorkingDir/8B3C614E4410EAC40F0820B681B6BEF3/'.
[2022.04.01-21.09.53:146][  0]LogXGEController: Cannot use XGE Controller as Incredibuild is not installed on this machine.
[2022.04.01-21.09.53:146][  0]LogShaderCompilers: Cannot use XGE Shader Compiler as Incredibuild is not installed on this machine.
[2022.04.01-21.09.53:146][  0]LogShaderCompilers: Display: Using Local Shader Compiler.
[2022.04.01-21.09.53:726][  0]LogDerivedDataCache: Display: Max Cache Size: 512 MB
[2022.04.01-21.09.53:766][  0]LogDerivedDataCache: Loaded boot cache 0.04s 94MB C:/Users/kingo/AppData/Local/UnrealEngine/4.27/DerivedDataCache/Boot.ddc.
[2022.04.01-21.09.53:766][  0]LogDerivedDataCache: Display: Loaded Boot cache: C:/Users/kingo/AppData/Local/UnrealEngine/4.27/DerivedDataCache/Boot.ddc
[2022.04.01-21.09.53:766][  0]LogDerivedDataCache: FDerivedDataBackendGraph:  Pak pak cache file ../../../../../../Users/kingo/Documents/GitHub/GameDevelopmentWorkshop/ParkourGame/DerivedDataCache/DDC.ddp not found, will not use a pak cache.
[2022.04.01-21.09.53:766][  0]LogDerivedDataCache: Unable to find inner node Pak for hierarchical cache Hierarchy.
[2022.04.01-21.09.53:766][  0]LogDerivedDataCache: FDerivedDataBackendGraph:  CompressedPak pak cache file ../../../../../../Users/kingo/Documents/GitHub/GameDevelopmentWorkshop/ParkourGame/DerivedDataCache/Compressed.ddp not found, will not use a pak cache.
[2022.04.01-21.09.53:766][  0]LogDerivedDataCache: Unable to find inner node CompressedPak for hierarchical cache Hierarchy.
[2022.04.01-21.09.53:781][  0]LogDerivedDataCache: Display: Pak cache opened for reading ../../../Engine/DerivedDataCache/Compressed.ddp.
[2022.04.01-21.09.53:781][  0]LogDerivedDataCache: FDerivedDataBackendGraph:  EnterprisePak pak cache file ../../../Enterprise/DerivedDataCache/Compressed.ddp not found, will not use a pak cache.
[2022.04.01-21.09.53:781][  0]LogDerivedDataCache: Unable to find inner node EnterprisePak for hierarchical cache Hierarchy.
[2022.04.01-21.09.53:790][  0]LogDerivedDataCache: Speed tests for C:/Users/kingo/AppData/Local/UnrealEngine/Common/DerivedDataCache took 0.01 seconds
[2022.04.01-21.09.53:790][  0]LogDerivedDataCache: Display: Performance to C:/Users/kingo/AppData/Local/UnrealEngine/Common/DerivedDataCache: Latency=0.03ms. RandomReadSpeed=999.23MBs, RandomWriteSpeed=120.64MBs. Assigned SpeedClass 'Local'
[2022.04.01-21.09.53:791][  0]LogDerivedDataCache: Using Local data cache path C:/Users/kingo/AppData/Local/UnrealEngine/Common/DerivedDataCache: Writable
[2022.04.01-21.09.53:791][  0]LogDerivedDataCache: Shared data cache path not found in *engine.ini, will not use an Shared cache.
[2022.04.01-21.09.53:791][  0]LogDerivedDataCache: Unable to find inner node Shared for hierarchical cache Hierarchy.
[2022.04.01-21.09.53:826][  0]LogSlate: Using FreeType 2.10.0
[2022.04.01-21.09.53:827][  0]LogSlate: SlateFontServices - WITH_FREETYPE: 1, WITH_HARFBUZZ: 1
[2022.04.01-21.09.53:849][  0]LogAssetRegistry: FAssetRegistry took 0.0025 seconds to start up
[2022.04.01-21.09.54:068][  0]LogInit: Selected Device Profile: [Windows]
[2022.04.01-21.09.54:068][  0]LogInit: Active device profile: [000001A4CEA08F00][000001A4C9945900 49] Windows
[2022.04.01-21.09.54:068][  0]LogInit: Profiles: [000001A4CEA08F00][000001A4C9945900 49] Windows, [000001A4CE9DE100][000001A4C994DA80 49] WindowsNoEditor, [000001A4CEA09F00][000001A4C9951C00 49] WindowsServer, [000001A4CE9DD300][000001A4C9A04200 49] WindowsClient, [000001A4CEA09000][000001A4C9A08380 49] IOS, [000001A4CE9DFA00][000001A4C9A4E500 49] iPadAir, [000001A4CEA0B300][000001A4C9A52680 49] iPadAir2, [000001A4CE7ED300][000001A4C9A64940 49] IPadPro, [000001A4CE7ED400][000001A4C9A5A980 49] iPadAir3, [000001A4CE9DCB00][000001A4C9948AC0 49] iPadAir4, [000001A4CE7EE100][000001A4C9260C00 49] iPadMini2, [000001A4CE9DF100][000001A4C9264D40 49] iPadMini3, [000001A4CE7EEC00][000001A4C926CEC0 49] iPadMini4, [000001A4CE9DE400][000001A4C92AD040 49] iPadMini5, [000001A4CE844E00][000001A4CA041300 49] iPhone6, [000001A4CE844F00][000001A4C92B5340 49] iPodTouch6, [000001A4CEA0B700][000001A4CA049600 49] iPhone7, [000001A4CEA0A800][000001A4CA045640 49] iPodTouch7, [000001A4CE7ECC00][000001A4CA1E77C0 49] iPhone5S, [000001A4CEA09300][000001A4CA1EF940 49] iPhone6Plus, [000001A4CEA08600][000001A4CA1F3AC0 49] iPhone6S, [000001A4CE845300][000001A4CA1F60C0 49] iPhone6SPlus, [000001A4CEA08B00][000001A4CA1FA240 49] iPhone7Plus, [000001A4CE845600][000001A4CA1FE3C0 49] iPhoneSE, [000001A4CEA08A00][000001A4CA202540 49] iPhone8, [000001A4CE845200][000001A4CA2066C0 49] iPhone8Plus, [000001A4CE7EEB00][000001A4CA20A840 49] iPhoneX, [000001A4CE844C00][000001A4CA04C9C0 49] iPhoneXS, [000001A4CE7EFA00][000001A4CA050B40 49] iPhoneXSMax, [000001A4CE847800][000001A4C9268C80 49] iPhoneXR, [000001A4CE7ECD00][000001A4CA054DC0 49] iPhone11, [000001A4CE846600][000001A4CA058F00 49] iPhone11Pro, [000001A4CE7EE900][000001A4CA061080 49] iPhone11ProMax, [000001A4CE844200][000001A4CA065200 49] iPhoneSE2, [000001A4CE7ECB00][000001A4CA069380 49] iPhone12Mini, [000001A4CE846A00][000001A4CA06D500 49] iPhone12, [000001A4CE7EEE00][000001A4CA071680 49] iPhone12Pro, [000001A4CE844A00][000001A4CA075800 49] iPhone12ProMax, [000001A4CE7EF200][000001A4C9AEB980 49] iPadPro105, [000001A4CE847600][000001A4C9AEFB00 49] iPadPro129, [000001A4CE7EE000][000001A4C9AF2100 49] iPadPro97, [000001A4CE846000][000001A4C9AF6280 49] iPadPro2_129, [000001A4CE7EE400][000001A4C9AFA400 49] iPad5, [000001A4CE845400][000001A4C9AFE580 49] iPad6, [000001A4CE7ED000][000001A4C9B02700 49] iPad7, [000001A4CE845700][000001A4C9B06880 49] iPad8, [000001A4CE7EFC00][000001A4C9B0AA00 49] iPadPro11, [000001A4CE845800][000001A4C9B0EB80 49] iPadPro2_11, [000001A4CE7EC600][000001A4C9B12D00 49] iPadPro3_129, [000001A4CE844D00][000001A4CA05CE40 49] iPadPro4_129, [000001A4CE7EF100][000001A4C9B16F80 49] AppleTV, [000001A4CE844800][000001A4C9B1B0C0 49] AppleTV4K, [000001A4CE7EC500][000001A4C9B23240 49] TVOS, [000001A4CE844500][000001A4C9B273C0 49] Mac, [000001A4CE7EC700][000001A4C9B2B540 49] MacClient, [000001A4CE845500][000001A4C9B2F6C0 49] MacNoEditor, [000001A4CE7ED500][000001A4C9B33840 49] MacServer, [000001A4CE846E00][000001A4C9B379C0 49] Linux, [000001A4CE7EC400][000001A4C9B3BB40 49] LinuxAArch64, [000001A4CE845E00][000001A4C9B3E140 49] LinuxNoEditor, [000001A4CE7EDC00][000001A4C9B422C0 49] LinuxAArch64NoEditor, [000001A4CE846900][000001A4C9B46440 49] LinuxClient, [000001A4CE7EED00][000001A4C9B4A5C0 49] LinuxAArch64Client, [000001A4CE844100][000001A4C9B4E740 49] LinuxServer, [000001A4CE7EDE00][000001A4C9B528C0 49] LinuxAArch64Server, [000001A4CE844B00][000001A4C9CD6A40 49] Android, [000001A4CE7EDA00][000001A4C9CDABC0 49] Android_Low, [000001A4CE846F00][000001A4C9CDED40 49] Android_Mid, [000001A4CE7ED100][000001A4C9CE2EC0 49] Android_High, [000001A4CE847000][000001A4C9B1F000 49] Android_Default, [000001A4CE7ED700][000001A4C9CE7140 49] Android_Adreno4xx, [000001A4CE845900][000001A4C9CEB280 49] Android_Adreno5xx_Low, [000001A4CE7ECA00][000001A4C9CEF3C0 49] Android_Adreno5xx, [000001A4CE847400][000001A4C9CF7540 49] Android_Adreno6xx, [000001A4CE7ECE00][000001A4C9CFB6C0 49] Android_Adreno6xx_Vulkan, [000001A4CE847100][000001A4C9CFF840 49] Android_Mali_T6xx, [000001A4CEA0AF00][000001A4C9D039C0 49] Android_Mali_T7xx, [000001A4CE9DC800][000001A4C9D07B40 49] Android_Mali_T8xx, [000001A4CEA09200][000001A4C9D0A140 49] Android_Mali_G71, [000001A4CE9DCE00][000001A4C9D0E2C0 49] Android_Mali_G72, [000001A4CEA09100][000001A4C9D12440 49] Android_Mali_G72_Vulkan, [000001A4CE9DE200][000001A4C9D165C0 49] Android_Mali_G76, [000001A4CEA09500][000001A4C9D1A740 49] Android_Mali_G76_Vulkan, [000001A4CE9DDD00][000001A4C9D1E8C0 49] Android_Mali_G77, [000001A4CEA0BF00][000001A4C9D22A40 49] Android_Mali_G77_Vulkan, [000001A4CE9DDA00][000001A4C9D26BC0 49] Android_Mali_G78, [000001A4CEA08300][000001A4C9D2AD40 49] Android_Mali_G78_Vulkan, [000001A4CE9DC400][000001A4C9D2EEC0 49] Android_Mali_G710, [000001A4CEA0B600][000001A4C9D33040 49] Android_Mali_G710_Vulkan, [000001A4CE9DEE00][000001A4C9CF3180 49] Android_Vulkan_SM5, [000001A4CEA08900][000001A4C9D372C0 49] Android_PowerVR_G6xxx, [000001A4CE9DCA00][000001A4C9D3B400 49] Android_PowerVR_GT7xxx, [000001A4CEA08D00][000001A4C9D3F540 49] Android_PowerVR_GE8xxx, [000001A4CE9DF700][000001A4C9D476C0 49] Android_PowerVR_GM9xxx, [000001A4CEA0A300][000001A4C9D4B840 49] Android_PowerVR_GM9xxx_Vulkan, [000001A4CE9DFD00][000001A4C9D4F9C0 49] Android_TegraK1, [000001A4CEA0AA00][000001A4C9443B40 49] Android_Unknown_Vulkan, [000001A4CE9DED00][000001A4C9446140 49] Lumin, [000001A4CEA09C00][000001A4C944A2C0 49] Lumin_Desktop, [000001A4CE9DEB00][000001A4C944E440 49] HoloLens, 
[2022.04.01-21.09.54:178][  0]LogMeshReduction: Using QuadricMeshReduction for automatic static mesh reduction
[2022.04.01-21.09.54:178][  0]LogMeshReduction: Using SimplygonMeshReduction for automatic skeletal mesh reduction
[2022.04.01-21.09.54:178][  0]LogMeshReduction: Using ProxyLODMeshReduction for automatic mesh merging
[2022.04.01-21.09.54:178][  0]LogMeshReduction: No distributed automatic mesh merging module available
[2022.04.01-21.09.54:178][  0]LogMeshMerging: No distributed automatic mesh merging module available
[2022.04.01-21.09.54:191][  0]LogNetVersion: ParkourGame 1.0.0, NetCL: 17155196, EngineNetVer: 17, GameNetVer: 0 (Checksum: 355245754)
[2022.04.01-21.09.54:520][  0]LogTexture: Default maximum texture size for cubemaps generated from long-lat sources has been changed from 512 to unlimited. In order to preserve old behaiour for '/Engine/MapTemplates/Sky/DaylightAmbientCubemap.DaylightAmbientCubemap', its maximum texture size has been explicitly set to 512.
[2022.04.01-21.09.54:565][  0]LogHMD: PokeAHoleMaterial loaded successfully
[2022.04.01-21.09.54:570][  0]LogUObjectArray: 17178 objects as part of root set at end of initial load.
[2022.04.01-21.09.54:570][  0]LogUObjectAllocator: 4302048 out of 0 bytes used by permanent object pool.
[2022.04.01-21.09.54:570][  0]LogUObjectArray: CloseDisregardForGC: 0/0 objects in disregard for GC pool
[2022.04.01-21.09.54:727][  0]LogNiagaraDebuggerClient: Niagara Debugger Client Initialized | Session: 2FB1D41C4C9F08F469616FBC0C7C5610 | Instance: ABF5CF054C28986E060478A8830B193D (GATBINGMACHINE-13796).
[2022.04.01-21.09.54:930][  0]LogPython: Using Python 3.7.7
[2022.04.01-21.09.55:354][  0]LogTcpMessaging: Initializing TcpMessaging bridge
[2022.04.01-21.09.55:375][  0]LogUdpMessaging: Initializing bridge on interface 0.0.0.0:0 to multicast group 230.0.0.1:6666.
[2022.04.01-21.09.55:533][  0]SourceControl: Source control is disabled
[2022.04.01-21.09.55:533][  0]SourceControl: Source control is disabled
[2022.04.01-21.09.55:536][  0]SourceControl: Source control is disabled
[2022.04.01-21.09.55:539][  0]SourceControl: Source control is disabled
[2022.04.01-21.09.55:547][  0]SourceControl: Source control is disabled
[2022.04.01-21.09.55:554][  0]LogUProjectInfo: Found projects:
[2022.04.01-21.09.55:794][  0]LogOpenImageDenoise: OIDN starting up
[2022.04.01-21.09.55:811][  0]LogAndroidPermission: UAndroidPermissionCallbackProxy::GetInstance
[2022.04.01-21.09.55:828][  0]LogAudioCaptureCore: Display: No Audio Capture implementations found. Audio input will be silent.
[2022.04.01-21.09.55:828][  0]LogAudioCaptureCore: Display: No Audio Capture implementations found. Audio input will be silent.
[2022.04.01-21.09.55:945][  0]LogCollectionManager: Loaded 0 collections in 0.001525 seconds
[2022.04.01-21.09.55:975][  0]LogFileCache: Scanning file cache for directory 'C:/Users/kingo/Documents/GitHub/GameDevelopmentWorkshop/ParkourGame/Saved/Collections/' took 0.00s
[2022.04.01-21.09.55:975][  0]LogFileCache: Scanning file cache for directory 'C:/Users/kingo/Documents/GitHub/GameDevelopmentWorkshop/ParkourGame/Content/Developers/kingo/Collections/' took 0.00s
[2022.04.01-21.09.55:975][  0]LogFileCache: Scanning file cache for directory 'C:/Users/kingo/Documents/GitHub/GameDevelopmentWorkshop/ParkourGame/Content/Collections/' took 0.00s
[2022.04.01-21.09.55:975][  0]LogOcInput: OculusInput pre-init called
[2022.04.01-21.09.56:367][  0]LogClass: Display: Int8Property FMTSJson::version is not initialized properly. Module:MegascansPlugin File:Private/Utilities/MTSReader.h
[2022.04.01-21.09.56:367][  0]LogClass: Display: Int16Property FMTSJson::resolutionValue is not initialized properly. Module:MegascansPlugin File:Private/Utilities/MTSReader.h
[2022.04.01-21.09.56:367][  0]LogClass: Display: BoolProperty FMTSJson::isExternal is not initialized properly. Module:MegascansPlugin File:Private/Utilities/MTSReader.h
[2022.04.01-21.09.56:367][  0]LogClass: Display: Int8Property FMTSJson::meshVersion is not initialized properly. Module:MegascansPlugin File:Private/Utilities/MTSReader.h
[2022.04.01-21.09.56:367][  0]LogClass: Display: BoolProperty FMTSJson::isCustom is not initialized properly. Module:MegascansPlugin File:Private/Utilities/MTSReader.h
[2022.04.01-21.09.56:367][  0]LogClass: Display: BoolProperty FMTSJson::isModularAsset is not initialized properly. Module:MegascansPlugin File:Private/Utilities/MTSReader.h
[2022.04.01-21.09.56:367][  0]LogClass: Display: Int8Property FLodList::variation is not initialized properly. Module:MegascansPlugin File:Private/Utilities/MTSReader.h
[2022.04.01-21.09.56:367][  0]LogClass: Display: Int16Property FMeshList::resolution is not initialized properly. Module:MegascansPlugin File:Private/Utilities/MTSReader.h
[2022.04.01-21.09.56:367][  0]LogClass: Display: Int16Property FComponents::resolution is not initialized properly. Module:MegascansPlugin File:Private/Utilities/MTSReader.h
[2022.04.01-21.09.56:367][  0]LogClass: Display: BoolProperty FTextureSets::isUdim is not initialized properly. Module:MegascansPlugin File:Private/Utilities/MTSReader.h
[2022.04.01-21.09.56:367][  0]LogClass: Display: BoolProperty FMeta::value is not initialized properly. Module:MegascansPlugin File:Private/Utilities/MTSReader.h
[2022.04.01-21.09.56:367][  0]LogClass: Display: 11 Uninitialized script struct members found including 0 object properties
[2022.04.01-21.09.56:368][  0]LogEngine: Initializing Engine...
[2022.04.01-21.09.56:400][  0]LogHMD: Optional extension XR_VARJO_quad_views is not available
[2022.04.01-21.09.56:401][  0]LogHMD: Warning: Required extension XR_EXT_eye_gaze_interaction is not available
[2022.04.01-21.09.56:401][  0]LogHMD: Could not enable all required OpenXR extensions for OpenXREyeTracker on current system. This plugin will be loaded but ignored, but will be enabled on a target platform that supports the required extension.
[2022.04.01-21.09.56:903][  0]LogHMD: Failed to get an OpenXR system, result is XR_ERROR_FORM_FACTOR_UNAVAILABLE. Please check that your runtime supports VR headsets.
[2022.04.01-21.09.56:903][  0]LogHMD: Failed to initialize OpenVR with code 110
[2022.04.01-21.09.56:903][  0]LogMagicLeap: Warning: VR disabled because ZI is not enabled.  To enable, in the editor, Edit -> Project Settings -> Plugins -> Magic Leap Plugin -> Enable Zero Iteration
[2022.04.01-21.09.56:904][  0]LogStats: UGameplayTagsManager::InitializeManager -  0.000 s
[2022.04.01-21.09.57:010][  0]LogInit: Initializing FReadOnlyCVARCache
[2022.04.01-21.09.57:022][  0]LogAIModule: Creating AISystem for world Untitled
[2022.04.01-21.09.57:023][  0]LogAudio: Display: Initializing Audio Device Manager...
[2022.04.01-21.09.57:028][  0]LogAudio: Display: Loading Default Audio Settings Objects...
[2022.04.01-21.09.57:029][  0]LogAudio: Display: No default SoundConcurrencyObject specified (or failed to load).
[2022.04.01-21.09.57:029][  0]LogAudio: Display: Audio Device Manager Initialized
[2022.04.01-21.09.57:029][  0]LogAudio: Display: Creating Audio Device:                 Id: 1, Scope: Shared, Realtime: True
[2022.04.01-21.09.57:029][  0]LogAudioMixer: Display: Audio Mixer Platform Settings:
[2022.04.01-21.09.57:029][  0]LogAudioMixer: Display: 	Sample Rate:						  48000
[2022.04.01-21.09.57:029][  0]LogAudioMixer: Display: 	Callback Buffer Frame Size Requested: 1024
[2022.04.01-21.09.57:029][  0]LogAudioMixer: Display: 	Callback Buffer Frame Size To Use:	  1024
[2022.04.01-21.09.57:029][  0]LogAudioMixer: Display: 	Number of buffers to queue:			  2
[2022.04.01-21.09.57:029][  0]LogAudioMixer: Display: 	Max Channels (voices):				  32
[2022.04.01-21.09.57:029][  0]LogAudioMixer: Display: 	Number of Async Source Workers:		  0
[2022.04.01-21.09.57:029][  0]LogAudio: Display: AudioDevice MaxSources: 32
[2022.04.01-21.09.57:030][  0]LogAudio: Display: Audio Spatialization Plugin: None (built-in).
[2022.04.01-21.09.57:030][  0]LogAudio: Display: Audio Reverb Plugin: None (built-in).
[2022.04.01-21.09.57:030][  0]LogAudio: Display: Audio Occlusion Plugin: None (built-in).
[2022.04.01-21.09.57:030][  0]LogAudioMixer: Display: Initializing audio mixer.
[2022.04.01-21.09.57:046][  0]LogAudioMixer: Display: 0: FrontLeft
[2022.04.01-21.09.57:046][  0]LogAudioMixer: Display: 1: FrontRight
[2022.04.01-21.09.57:211][  0]LogAudioMixer: Display: Using Audio Device Speakers (Realtek(R) Audio)
[2022.04.01-21.09.57:212][  0]LogAudioMixer: Display: Initializing Sound Submixes...
[2022.04.01-21.09.57:214][  0]LogAudioMixer: Display: Creating Master Submix 'MasterSubmixDefault'
[2022.04.01-21.09.57:214][  0]LogAudioMixer: Display: Creating Master Submix 'MasterReverbSubmixDefault'
[2022.04.01-21.09.57:215][  0]LogAudioMixer: Display: Creating Master Submix 'MasterEQSubmixDefault'
[2022.04.01-21.09.57:215][  0]LogAudioMixer: FMixerPlatformXAudio2::StartAudioStream() called
[2022.04.01-21.09.57:215][  0]LogAudioMixer: Display: Output buffers initialized: Frames=1024, Channels=2, Samples=2048
[2022.04.01-21.09.57:216][  0]LogAudioMixer: Display: Starting AudioMixerPlatformInterface::RunInternal()
[2022.04.01-21.09.57:216][  0]LogAudioMixer: Display: FMixerPlatformXAudio2::SubmitBuffer() called for the first time
[2022.04.01-21.09.57:216][  0]LogInit: FAudioDevice initialized.
[2022.04.01-21.09.57:216][  0]LogAudio: Display: Audio Device (ID: 1) registered with world 'Untitled'.
[2022.04.01-21.09.57:216][  0]LogNetVersion: Set ProjectVersion to 1.0.0.0. Version Checksum will be recalculated on next use.
[2022.04.01-21.09.57:459][  0]LogDerivedDataCache: Saved boot cache 0.24s 94MB C:/Users/kingo/AppData/Local/UnrealEngine/4.27/DerivedDataCache/Boot.ddc.
[2022.04.01-21.09.57:460][  0]LogInit: Texture streaming: Enabled
[2022.04.01-21.09.57:473][  0]LogAnalytics: Display: [UEEditor.Rocket.Release] APIServer = https://datarouter.ol.epicgames.com/. AppVersion = 4.27.2-18319896+++UE4+Release-4.27
[2022.04.01-21.09.57:480][  0]LogEngineSessionManager: EngineSessionManager initialized
[2022.04.01-21.09.57:480][  0]LogEditorSessionSummary: Verbose: Initializing EditorSessionSummaryWriter for editor session tracking
[2022.04.01-21.09.57:491][  0]LogEditorSessionSummary: EditorSessionSummaryWriter initialized
[2022.04.01-21.09.57:508][  0]LogInit: Transaction tracking system initialized
[2022.04.01-21.09.57:529][  0]BlueprintLog: New page: Editor Load
[2022.04.01-21.09.57:604][  0]LocalizationService: Localization service is disabled
[2022.04.01-21.09.57:628][  0]TimingProfiler: Initialize
[2022.04.01-21.09.57:628][  0]TimingProfiler: OnSessionChanged
[2022.04.01-21.09.57:628][  0]LoadingProfiler: Initialize
[2022.04.01-21.09.57:628][  0]LoadingProfiler: OnSessionChanged
[2022.04.01-21.09.57:628][  0]NetworkingProfiler: Initialize
[2022.04.01-21.09.57:628][  0]NetworkingProfiler: OnSessionChanged
[2022.04.01-21.09.57:628][  0]MemoryProfiler: Initialize
[2022.04.01-21.09.57:628][  0]MemoryProfiler: OnSessionChanged
[2022.04.01-21.09.57:773][  0]LogSlate: Took 0.000160 seconds to synchronously load lazily loaded font '../../../Engine/Content/Slate/Fonts/Roboto-Regular.ttf' (155K)
[2022.04.01-21.10.25:171][  0]LogSlate: Window 'Low drive space warning' being destroyed
[2022.04.01-21.10.25:171][  0]LogWindowsTextInputMethodSystem: Display: IME system deactivated.
[2022.04.01-21.10.25:175][  0]Message dialog closed, result: Ok, title: Low drive space warning, text: The following drive locations have limited free space.
It is recommended that you free some space to avoid issues such as crashed and data loss due to files not being able to be written and saved.

  2,824 MB Free 		 C:/Program Files/Epic Games/UE_4.27/Engine/Binaries/Win64/
 				 The base engine directory. 

  2,824 MB Free 		 C:/Users/kingo/Documents/GitHub/GameDevelopmentWorkshop/ParkourGame/
 				 The project directory. 

[2022.04.01-21.10.25:269][  0]LogCook: Display: CookSettings for Memory: MemoryMaxUsedVirtual 0MiB, MemoryMaxUsedPhysical 16384MiB, MemoryMinFreeVirtual 0MiB, MemoryMinFreePhysical 1024MiB
[2022.04.01-21.10.25:269][  0]LogFileCache: Scanning file cache for directory 'C:/Users/kingo/Documents/GitHub/GameDevelopmentWorkshop/ParkourGame/Content/' took 0.00s
[2022.04.01-21.10.25:269][  0]LogCook: Display: Mobile HDR setting 1
[2022.04.01-21.10.25:610][  0]LogInit: Display: Engine is initialized. Leaving FEngineLoop::Init()
[2022.04.01-21.10.25:619][  0]SourceControl: Source control is disabled
[2022.04.01-21.10.25:619][  0]LogUnrealEdMisc: Loading editor; pre map load, took 34.943
[2022.04.01-21.10.25:619][  0]Cmd: MAP LOAD FILE="../../../Engine/Content/Maps/Templates/Template_Default.umap" TEMPLATE=1 SHOWPROGRESS=1 FEATURELEVEL=3
[2022.04.01-21.10.25:619][  0]LightingResults: New page: Lighting Build
[2022.04.01-21.10.25:620][  0]LogWorld: UWorld::CleanupWorld for Untitled, bSessionEnded=true, bCleanupResources=true
[2022.04.01-21.10.25:620][  0]LogSlate: InvalidateAllWidgets triggered.  All widgets were invalidated
[2022.04.01-21.10.25:620][  0]MapCheck: New page: Map Check
[2022.04.01-21.10.25:620][  0]LightingResults: New page: Lighting Build
[2022.04.01-21.10.25:623][  0]LogAudio: Display: Audio Device unregistered from world 'None'.
[2022.04.01-21.10.25:626][  0]LogUObjectHash: Compacting FUObjectHashTables data took   0.69ms
[2022.04.01-21.10.25:671][  0]LogTexture: Display: Building textures: DeprecatedTextureEB9CBE3C423008B5E8E130901E171C89 (BGRA8, 128X128)
[2022.04.01-21.10.25:674][  0]LogAudio: Display: Audio Device (ID: 1) registered with world 'Untitled_1'.
[2022.04.01-21.10.25:675][  0]LogAIModule: Creating AISystem for world Untitled_1
[2022.04.01-21.10.25:678][  0]LogEditorServer: Finished looking for orphan Actors (0.000 secs)
[2022.04.01-21.10.25:696][  0]LogUObjectHash: Compacting FUObjectHashTables data took   0.70ms
[2022.04.01-21.10.25:696][  0]Cmd: MAP CHECKDEP NOCLEARLOG
[2022.04.01-21.10.25:697][  0]MapCheck: Map check complete: 0 Error(s), 0 Warning(s), took 0.178ms to complete.
[2022.04.01-21.10.25:697][  0]LogFileHelpers: Loading map 'Template_Default' took 0.078
[2022.04.01-21.10.25:698][  0]LogUnrealEdMisc: Total Editor Startup Time, took 35.023
[2022.04.01-21.10.25:760][  0]LogWindowsTextInputMethodSystem: Display: IME system deactivated.
[2022.04.01-21.10.25:801][  0]LogSlate: Updating window title bar state: overlay mode, drag disabled, window buttons hidden, title bar hidden
[2022.04.01-21.10.25:806][  0]LogSlate: Updating window title bar state: overlay mode, drag disabled, window buttons hidden, title bar hidden
[2022.04.01-21.10.25:810][  0]LogSlate: Updating window title bar state: overlay mode, drag disabled, window buttons hidden, title bar hidden
[2022.04.01-21.10.25:815][  0]LogSlate: Updating window title bar state: overlay mode, drag disabled, window buttons hidden, title bar hidden
[2022.04.01-21.10.25:832][  0]LogNativeClassHierarchy: Verbose: Native class hierarchy populated in 0.0088 seconds. Added 3833 classes and 935 folders.
[2022.04.01-21.10.25:834][  0]LogNativeClassHierarchy: Verbose: Native class hierarchy updated for 'WidgetCarousel' in 0.0003 seconds. Added 0 classes and 0 folders.
[2022.04.01-21.10.25:835][  0]LogPakFile: PakFile PrimaryIndexSize=187
[2022.04.01-21.10.25:835][  0]LogPakFile: PakFile PathHashIndexSize=101
[2022.04.01-21.10.25:835][  0]LogPakFile: PakFile FullDirectoryIndexSize=148
[2022.04.01-21.10.25:835][  0]LogShaderLibrary: Display: ShaderCodeLibraryPakFileMountedCallback: PakFile 'C:/Program Files/Epic Games/UE_4.27/FeaturePacks/FP_FirstPerson.upack' (chunk index -1, root 'root:/') mounted
[2022.04.01-21.10.25:835][  0]LogShaderLibrary: Display: ShaderCodeLibraryPakFileMountedCallback: pending pak file info (ChunkID:-1 Root:root:/ File:C:/Program Files/Epic Games/UE_4.27/FeaturePacks/FP_FirstPerson.upack)
[2022.04.01-21.10.25:835][  0]LogPakFile: OnPakFileMounted2Time == 0.000046
[2022.04.01-21.10.25:836][  0]LogPakFile: PakFile PrimaryIndexSize=189
[2022.04.01-21.10.25:836][  0]LogPakFile: PakFile PathHashIndexSize=101
[2022.04.01-21.10.25:836][  0]LogPakFile: PakFile FullDirectoryIndexSize=152
[2022.04.01-21.10.25:836][  0]LogShaderLibrary: Display: ShaderCodeLibraryPakFileMountedCallback: PakFile 'C:/Program Files/Epic Games/UE_4.27/FeaturePacks/FP_FirstPersonBP.upack' (chunk index -1, root 'root:/') mounted
[2022.04.01-21.10.25:836][  0]LogShaderLibrary: Display: ShaderCodeLibraryPakFileMountedCallback: pending pak file info (ChunkID:-1 Root:root:/ File:C:/Program Files/Epic Games/UE_4.27/FeaturePacks/FP_FirstPersonBP.upack)
[2022.04.01-21.10.25:836][  0]LogPakFile: OnPakFileMounted2Time == 0.000026
[2022.04.01-21.10.25:836][  0]LogPakFile: PakFile PrimaryIndexSize=191
[2022.04.01-21.10.25:836][  0]LogPakFile: PakFile PathHashIndexSize=101
[2022.04.01-21.10.25:836][  0]LogPakFile: PakFile FullDirectoryIndexSize=160
[2022.04.01-21.10.25:836][  0]LogShaderLibrary: Display: ShaderCodeLibraryPakFileMountedCallback: PakFile 'C:/Program Files/Epic Games/UE_4.27/FeaturePacks/MobileStarterContent.upack' (chunk index -1, root 'root:/') mounted
[2022.04.01-21.10.25:837][  0]LogShaderLibrary: Display: ShaderCodeLibraryPakFileMountedCallback: pending pak file info (ChunkID:-1 Root:root:/ File:C:/Program Files/Epic Games/UE_4.27/FeaturePacks/MobileStarterContent.upack)
[2022.04.01-21.10.25:837][  0]LogPakFile: OnPakFileMounted2Time == 0.000025
[2022.04.01-21.10.25:837][  0]LogPakFile: PakFile PrimaryIndexSize=185
[2022.04.01-21.10.25:837][  0]LogPakFile: PakFile PathHashIndexSize=101
[2022.04.01-21.10.25:837][  0]LogPakFile: PakFile FullDirectoryIndexSize=148
[2022.04.01-21.10.25:837][  0]LogShaderLibrary: Display: ShaderCodeLibraryPakFileMountedCallback: PakFile 'C:/Program Files/Epic Games/UE_4.27/FeaturePacks/StarterContent.upack' (chunk index -1, root 'root:/') mounted
[2022.04.01-21.10.25:837][  0]LogShaderLibrary: Display: ShaderCodeLibraryPakFileMountedCallback: pending pak file info (ChunkID:-1 Root:root:/ File:C:/Program Files/Epic Games/UE_4.27/FeaturePacks/StarterContent.upack)
[2022.04.01-21.10.25:837][  0]LogPakFile: OnPakFileMounted2Time == 0.000027
[2022.04.01-21.10.25:837][  0]LogPakFile: PakFile PrimaryIndexSize=190
[2022.04.01-21.10.25:838][  0]LogPakFile: PakFile PathHashIndexSize=101
[2022.04.01-21.10.25:838][  0]LogPakFile: PakFile FullDirectoryIndexSize=154
[2022.04.01-21.10.25:838][  0]LogShaderLibrary: Display: ShaderCodeLibraryPakFileMountedCallback: PakFile 'C:/Program Files/Epic Games/UE_4.27/FeaturePacks/TP_2DSideScroller.upack' (chunk index -1, root 'root:/') mounted
[2022.04.01-21.10.25:838][  0]LogShaderLibrary: Display: ShaderCodeLibraryPakFileMountedCallback: pending pak file info (ChunkID:-1 Root:root:/ File:C:/Program Files/Epic Games/UE_4.27/FeaturePacks/TP_2DSideScroller.upack)
[2022.04.01-21.10.25:838][  0]LogPakFile: OnPakFileMounted2Time == 0.000024
[2022.04.01-21.10.25:838][  0]LogPakFile: PakFile PrimaryIndexSize=192
[2022.04.01-21.10.25:838][  0]LogPakFile: PakFile PathHashIndexSize=101
[2022.04.01-21.10.25:838][  0]LogPakFile: PakFile FullDirectoryIndexSize=158
[2022.04.01-21.10.25:838][  0]LogShaderLibrary: Display: ShaderCodeLibraryPakFileMountedCallback: PakFile 'C:/Program Files/Epic Games/UE_4.27/FeaturePacks/TP_2DSideScrollerBP.upack' (chunk index -1, root 'root:/') mounted
[2022.04.01-21.10.25:838][  0]LogShaderLibrary: Display: ShaderCodeLibraryPakFileMountedCallback: pending pak file info (ChunkID:-1 Root:root:/ File:C:/Program Files/Epic Games/UE_4.27/FeaturePacks/TP_2DSideScrollerBP.upack)
[2022.04.01-21.10.25:838][  0]LogPakFile: OnPakFileMounted2Time == 0.000023
[2022.04.01-21.10.25:839][  0]LogPakFile: PakFile PrimaryIndexSize=182
[2022.04.01-21.10.25:839][  0]LogPakFile: PakFile PathHashIndexSize=101
[2022.04.01-21.10.25:839][  0]LogPakFile: PakFile FullDirectoryIndexSize=138
[2022.04.01-21.10.25:839][  0]LogShaderLibrary: Display: ShaderCodeLibraryPakFileMountedCallback: PakFile 'C:/Program Files/Epic Games/UE_4.27/FeaturePacks/TP_Flying.upack' (chunk index -1, root 'root:/') mounted
[2022.04.01-21.10.25:839][  0]LogShaderLibrary: Display: ShaderCodeLibraryPakFileMountedCallback: pending pak file info (ChunkID:-1 Root:root:/ File:C:/Program Files/Epic Games/UE_4.27/FeaturePacks/TP_Flying.upack)
[2022.04.01-21.10.25:839][  0]LogPakFile: OnPakFileMounted2Time == 0.000024
[2022.04.01-21.10.25:839][  0]LogPakFile: PakFile PrimaryIndexSize=184
[2022.04.01-21.10.25:839][  0]LogPakFile: PakFile PathHashIndexSize=101
[2022.04.01-21.10.25:839][  0]LogPakFile: PakFile FullDirectoryIndexSize=142
[2022.04.01-21.10.25:839][  0]LogShaderLibrary: Display: ShaderCodeLibraryPakFileMountedCallback: PakFile 'C:/Program Files/Epic Games/UE_4.27/FeaturePacks/TP_FlyingBP.upack' (chunk index -1, root 'root:/') mounted
[2022.04.01-21.10.25:839][  0]LogShaderLibrary: Display: ShaderCodeLibraryPakFileMountedCallback: pending pak file info (ChunkID:-1 Root:root:/ File:C:/Program Files/Epic Games/UE_4.27/FeaturePacks/TP_FlyingBP.upack)
[2022.04.01-21.10.25:839][  0]LogPakFile: OnPakFileMounted2Time == 0.000024
[2022.04.01-21.10.25:840][  0]LogPakFile: PakFile PrimaryIndexSize=188
[2022.04.01-21.10.25:840][  0]LogPakFile: PakFile PathHashIndexSize=101
[2022.04.01-21.10.25:840][  0]LogPakFile: PakFile FullDirectoryIndexSize=150
[2022.04.01-21.10.25:840][  0]LogShaderLibrary: Display: ShaderCodeLibraryPakFileMountedCallback: PakFile 'C:/Program Files/Epic Games/UE_4.27/FeaturePacks/TP_HandheldARBP.upack' (chunk index -1, root 'root:/') mounted
[2022.04.01-21.10.25:840][  0]LogShaderLibrary: Display: ShaderCodeLibraryPakFileMountedCallback: pending pak file info (ChunkID:-1 Root:root:/ File:C:/Program Files/Epic Games/UE_4.27/FeaturePacks/TP_HandheldARBP.upack)
[2022.04.01-21.10.25:840][  0]LogPakFile: OnPakFileMounted2Time == 0.000023
[2022.04.01-21.10.25:840][  0]LogPakFile: PakFile PrimaryIndexSize=182
[2022.04.01-21.10.25:840][  0]LogPakFile: PakFile PathHashIndexSize=101
[2022.04.01-21.10.25:840][  0]LogPakFile: PakFile FullDirectoryIndexSize=138
[2022.04.01-21.10.25:840][  0]LogShaderLibrary: Display: ShaderCodeLibraryPakFileMountedCallback: PakFile 'C:/Program Files/Epic Games/UE_4.27/FeaturePacks/TP_Puzzle.upack' (chunk index -1, root 'root:/') mounted
[2022.04.01-21.10.25:840][  0]LogShaderLibrary: Display: ShaderCodeLibraryPakFileMountedCallback: pending pak file info (ChunkID:-1 Root:root:/ File:C:/Program Files/Epic Games/UE_4.27/FeaturePacks/TP_Puzzle.upack)
[2022.04.01-21.10.25:840][  0]LogPakFile: OnPakFileMounted2Time == 0.000025
[2022.04.01-21.10.25:841][  0]LogPakFile: PakFile PrimaryIndexSize=184
[2022.04.01-21.10.25:841][  0]LogPakFile: PakFile PathHashIndexSize=101
[2022.04.01-21.10.25:841][  0]LogPakFile: PakFile FullDirectoryIndexSize=142
[2022.04.01-21.10.25:841][  0]LogShaderLibrary: Display: ShaderCodeLibraryPakFileMountedCallback: PakFile 'C:/Program Files/Epic Games/UE_4.27/FeaturePacks/TP_PuzzleBP.upack' (chunk index -1, root 'root:/') mounted
[2022.04.01-21.10.25:841][  0]LogShaderLibrary: Display: ShaderCodeLibraryPakFileMountedCallback: pending pak file info (ChunkID:-1 Root:root:/ File:C:/Program Files/Epic Games/UE_4.27/FeaturePacks/TP_PuzzleBP.upack)
[2022.04.01-21.10.25:841][  0]LogPakFile: OnPakFileMounted2Time == 0.000023
[2022.04.01-21.10.25:841][  0]LogPakFile: PakFile PrimaryIndexSize=183
[2022.04.01-21.10.25:841][  0]LogPakFile: PakFile PathHashIndexSize=101
[2022.04.01-21.10.25:841][  0]LogPakFile: PakFile FullDirectoryIndexSize=140
[2022.04.01-21.10.25:841][  0]LogShaderLibrary: Display: ShaderCodeLibraryPakFileMountedCallback: PakFile 'C:/Program Files/Epic Games/UE_4.27/FeaturePacks/TP_Rolling.upack' (chunk index -1, root 'root:/') mounted
[2022.04.01-21.10.25:841][  0]LogShaderLibrary: Display: ShaderCodeLibraryPakFileMountedCallback: pending pak file info (ChunkID:-1 Root:root:/ File:C:/Program Files/Epic Games/UE_4.27/FeaturePacks/TP_Rolling.upack)
[2022.04.01-21.10.25:841][  0]LogPakFile: OnPakFileMounted2Time == 0.000025
[2022.04.01-21.10.25:842][  0]LogPakFile: PakFile PrimaryIndexSize=185
[2022.04.01-21.10.25:842][  0]LogPakFile: PakFile PathHashIndexSize=101
[2022.04.01-21.10.25:842][  0]LogPakFile: PakFile FullDirectoryIndexSize=144
[2022.04.01-21.10.25:842][  0]LogShaderLibrary: Display: ShaderCodeLibraryPakFileMountedCallback: PakFile 'C:/Program Files/Epic Games/UE_4.27/FeaturePacks/TP_RollingBP.upack' (chunk index -1, root 'root:/') mounted
[2022.04.01-21.10.25:842][  0]LogShaderLibrary: Display: ShaderCodeLibraryPakFileMountedCallback: pending pak file info (ChunkID:-1 Root:root:/ File:C:/Program Files/Epic Games/UE_4.27/FeaturePacks/TP_RollingBP.upack)
[2022.04.01-21.10.25:842][  0]LogPakFile: OnPakFileMounted2Time == 0.000028
[2022.04.01-21.10.25:842][  0]LogPakFile: PakFile PrimaryIndexSize=188
[2022.04.01-21.10.25:842][  0]LogPakFile: PakFile PathHashIndexSize=101
[2022.04.01-21.10.25:842][  0]LogPakFile: PakFile FullDirectoryIndexSize=150
[2022.04.01-21.10.25:842][  0]LogShaderLibrary: Display: ShaderCodeLibraryPakFileMountedCallback: PakFile 'C:/Program Files/Epic Games/UE_4.27/FeaturePacks/TP_SideScroller.upack' (chunk index -1, root 'root:/') mounted
[2022.04.01-21.10.25:842][  0]LogShaderLibrary: Display: ShaderCodeLibraryPakFileMountedCallback: pending pak file info (ChunkID:-1 Root:root:/ File:C:/Program Files/Epic Games/UE_4.27/FeaturePacks/TP_SideScroller.upack)
[2022.04.01-21.10.25:842][  0]LogPakFile: OnPakFileMounted2Time == 0.000023
[2022.04.01-21.10.25:843][  0]LogPakFile: PakFile PrimaryIndexSize=190
[2022.04.01-21.10.25:843][  0]LogPakFile: PakFile PathHashIndexSize=101
[2022.04.01-21.10.25:843][  0]LogPakFile: PakFile FullDirectoryIndexSize=154
[2022.04.01-21.10.25:843][  0]LogShaderLibrary: Display: ShaderCodeLibraryPakFileMountedCallback: PakFile 'C:/Program Files/Epic Games/UE_4.27/FeaturePacks/TP_SideScrollerBP.upack' (chunk index -1, root 'root:/') mounted
[2022.04.01-21.10.25:843][  0]LogShaderLibrary: Display: ShaderCodeLibraryPakFileMountedCallback: pending pak file info (ChunkID:-1 Root:root:/ File:C:/Program Files/Epic Games/UE_4.27/FeaturePacks/TP_SideScrollerBP.upack)
[2022.04.01-21.10.25:843][  0]LogPakFile: OnPakFileMounted2Time == 0.000024
[2022.04.01-21.10.25:844][  0]LogPakFile: PakFile PrimaryIndexSize=187
[2022.04.01-21.10.25:844][  0]LogPakFile: PakFile PathHashIndexSize=101
[2022.04.01-21.10.25:844][  0]LogPakFile: PakFile FullDirectoryIndexSize=148
[2022.04.01-21.10.25:844][  0]LogShaderLibrary: Display: ShaderCodeLibraryPakFileMountedCallback: PakFile 'C:/Program Files/Epic Games/UE_4.27/FeaturePacks/TP_ThirdPerson.upack' (chunk index -1, root 'root:/') mounted
[2022.04.01-21.10.25:844][  0]LogShaderLibrary: Display: ShaderCodeLibraryPakFileMountedCallback: pending pak file info (ChunkID:-1 Root:root:/ File:C:/Program Files/Epic Games/UE_4.27/FeaturePacks/TP_ThirdPerson.upack)
[2022.04.01-21.10.25:844][  0]LogPakFile: OnPakFileMounted2Time == 0.000026
[2022.04.01-21.10.25:844][  0]LogPakFile: PakFile PrimaryIndexSize=189
[2022.04.01-21.10.25:844][  0]LogPakFile: PakFile PathHashIndexSize=101
[2022.04.01-21.10.25:844][  0]LogPakFile: PakFile FullDirectoryIndexSize=152
[2022.04.01-21.10.25:844][  0]LogShaderLibrary: Display: ShaderCodeLibraryPakFileMountedCallback: PakFile 'C:/Program Files/Epic Games/UE_4.27/FeaturePacks/TP_ThirdPersonBP.upack' (chunk index -1, root 'root:/') mounted
[2022.04.01-21.10.25:844][  0]LogShaderLibrary: Display: ShaderCodeLibraryPakFileMountedCallback: pending pak file info (ChunkID:-1 Root:root:/ File:C:/Program Files/Epic Games/UE_4.27/FeaturePacks/TP_ThirdPersonBP.upack)
[2022.04.01-21.10.25:844][  0]LogPakFile: OnPakFileMounted2Time == 0.000027
[2022.04.01-21.10.25:845][  0]LogPakFile: PakFile PrimaryIndexSize=183
[2022.04.01-21.10.25:845][  0]LogPakFile: PakFile PathHashIndexSize=101
[2022.04.01-21.10.25:845][  0]LogPakFile: PakFile FullDirectoryIndexSize=140
[2022.04.01-21.10.25:845][  0]LogShaderLibrary: Display: ShaderCodeLibraryPakFileMountedCallback: PakFile 'C:/Program Files/Epic Games/UE_4.27/FeaturePacks/TP_TopDown.upack' (chunk index -1, root 'root:/') mounted
[2022.04.01-21.10.25:845][  0]LogShaderLibrary: Display: ShaderCodeLibraryPakFileMountedCallback: pending pak file info (ChunkID:-1 Root:root:/ File:C:/Program Files/Epic Games/UE_4.27/FeaturePacks/TP_TopDown.upack)
[2022.04.01-21.10.25:845][  0]LogPakFile: OnPakFileMounted2Time == 0.000032
[2022.04.01-21.10.25:845][  0]LogPakFile: PakFile PrimaryIndexSize=185
[2022.04.01-21.10.25:845][  0]LogPakFile: PakFile PathHashIndexSize=101
[2022.04.01-21.10.25:845][  0]LogPakFile: PakFile FullDirectoryIndexSize=144
[2022.04.01-21.10.25:845][  0]LogShaderLibrary: Display: ShaderCodeLibraryPakFileMountedCallback: PakFile 'C:/Program Files/Epic Games/UE_4.27/FeaturePacks/TP_TopDownBP.upack' (chunk index -1, root 'root:/') mounted
[2022.04.01-21.10.25:845][  0]LogShaderLibrary: Display: ShaderCodeLibraryPakFileMountedCallback: pending pak file info (ChunkID:-1 Root:root:/ File:C:/Program Files/Epic Games/UE_4.27/FeaturePacks/TP_TopDownBP.upack)
[2022.04.01-21.10.25:845][  0]LogPakFile: OnPakFileMounted2Time == 0.000025
[2022.04.01-21.10.25:846][  0]LogPakFile: PakFile PrimaryIndexSize=185
[2022.04.01-21.10.25:846][  0]LogPakFile: PakFile PathHashIndexSize=101
[2022.04.01-21.10.25:846][  0]LogPakFile: PakFile FullDirectoryIndexSize=144
[2022.04.01-21.10.25:846][  0]LogShaderLibrary: Display: ShaderCodeLibraryPakFileMountedCallback: PakFile 'C:/Program Files/Epic Games/UE_4.27/FeaturePacks/TP_TwinStick.upack' (chunk index -1, root 'root:/') mounted
[2022.04.01-21.10.25:846][  0]LogShaderLibrary: Display: ShaderCodeLibraryPakFileMountedCallback: pending pak file info (ChunkID:-1 Root:root:/ File:C:/Program Files/Epic Games/UE_4.27/FeaturePacks/TP_TwinStick.upack)
[2022.04.01-21.10.25:846][  0]LogPakFile: OnPakFileMounted2Time == 0.000024
[2022.04.01-21.10.25:846][  0]LogPakFile: PakFile PrimaryIndexSize=187
[2022.04.01-21.10.25:846][  0]LogPakFile: PakFile PathHashIndexSize=101
[2022.04.01-21.10.25:846][  0]LogPakFile: PakFile FullDirectoryIndexSize=148
[2022.04.01-21.10.25:846][  0]LogShaderLibrary: Display: ShaderCodeLibraryPakFileMountedCallback: PakFile 'C:/Program Files/Epic Games/UE_4.27/FeaturePacks/TP_TwinStickBP.upack' (chunk index -1, root 'root:/') mounted
[2022.04.01-21.10.25:846][  0]LogShaderLibrary: Display: ShaderCodeLibraryPakFileMountedCallback: pending pak file info (ChunkID:-1 Root:root:/ File:C:/Program Files/Epic Games/UE_4.27/FeaturePacks/TP_TwinStickBP.upack)
[2022.04.01-21.10.25:846][  0]LogPakFile: OnPakFileMounted2Time == 0.000025
[2022.04.01-21.10.25:847][  0]LogPakFile: PakFile PrimaryIndexSize=183
[2022.04.01-21.10.25:847][  0]LogPakFile: PakFile PathHashIndexSize=101
[2022.04.01-21.10.25:847][  0]LogPakFile: PakFile FullDirectoryIndexSize=140
[2022.04.01-21.10.25:847][  0]LogShaderLibrary: Display: ShaderCodeLibraryPakFileMountedCallback: PakFile 'C:/Program Files/Epic Games/UE_4.27/FeaturePacks/TP_Vehicle.upack' (chunk index -1, root 'root:/') mounted
[2022.04.01-21.10.25:847][  0]LogShaderLibrary: Display: ShaderCodeLibraryPakFileMountedCallback: pending pak file info (ChunkID:-1 Root:root:/ File:C:/Program Files/Epic Games/UE_4.27/FeaturePacks/TP_Vehicle.upack)
[2022.04.01-21.10.25:847][  0]LogPakFile: OnPakFileMounted2Time == 0.000025
[2022.04.01-21.10.25:847][  0]LogPakFile: PakFile PrimaryIndexSize=186
[2022.04.01-21.10.25:847][  0]LogPakFile: PakFile PathHashIndexSize=101
[2022.04.01-21.10.25:847][  0]LogPakFile: PakFile FullDirectoryIndexSize=146
[2022.04.01-21.10.25:847][  0]LogShaderLibrary: Display: ShaderCodeLibraryPakFileMountedCallback: PakFile 'C:/Program Files/Epic Games/UE_4.27/FeaturePacks/TP_VehicleAdv.upack' (chunk index -1, root 'root:/') mounted
[2022.04.01-21.10.25:847][  0]LogShaderLibrary: Display: ShaderCodeLibraryPakFileMountedCallback: pending pak file info (ChunkID:-1 Root:root:/ File:C:/Program Files/Epic Games/UE_4.27/FeaturePacks/TP_VehicleAdv.upack)
[2022.04.01-21.10.25:847][  0]LogPakFile: OnPakFileMounted2Time == 0.000025
[2022.04.01-21.10.25:848][  0]LogPakFile: PakFile PrimaryIndexSize=188
[2022.04.01-21.10.25:848][  0]LogPakFile: PakFile PathHashIndexSize=101
[2022.04.01-21.10.25:848][  0]LogPakFile: PakFile FullDirectoryIndexSize=150
[2022.04.01-21.10.25:848][  0]LogShaderLibrary: Display: ShaderCodeLibraryPakFileMountedCallback: PakFile 'C:/Program Files/Epic Games/UE_4.27/FeaturePacks/TP_VehicleAdvBP.upack' (chunk index -1, root 'root:/') mounted
[2022.04.01-21.10.25:848][  0]LogShaderLibrary: Display: ShaderCodeLibraryPakFileMountedCallback: pending pak file info (ChunkID:-1 Root:root:/ File:C:/Program Files/Epic Games/UE_4.27/FeaturePacks/TP_VehicleAdvBP.upack)
[2022.04.01-21.10.25:848][  0]LogPakFile: OnPakFileMounted2Time == 0.000025
[2022.04.01-21.10.25:849][  0]LogPakFile: PakFile PrimaryIndexSize=185
[2022.04.01-21.10.25:849][  0]LogPakFile: PakFile PathHashIndexSize=101
[2022.04.01-21.10.25:849][  0]LogPakFile: PakFile FullDirectoryIndexSize=144
[2022.04.01-21.10.25:849][  0]LogShaderLibrary: Display: ShaderCodeLibraryPakFileMountedCallback: PakFile 'C:/Program Files/Epic Games/UE_4.27/FeaturePacks/TP_VehicleBP.upack' (chunk index -1, root 'root:/') mounted
[2022.04.01-21.10.25:849][  0]LogShaderLibrary: Display: ShaderCodeLibraryPakFileMountedCallback: pending pak file info (ChunkID:-1 Root:root:/ File:C:/Program Files/Epic Games/UE_4.27/FeaturePacks/TP_VehicleBP.upack)
[2022.04.01-21.10.25:849][  0]LogPakFile: OnPakFileMounted2Time == 0.000025
[2022.04.01-21.10.25:849][  0]LogPakFile: PakFile PrimaryIndexSize=192
[2022.04.01-21.10.25:849][  0]LogPakFile: PakFile PathHashIndexSize=101
[2022.04.01-21.10.25:849][  0]LogPakFile: PakFile FullDirectoryIndexSize=158
[2022.04.01-21.10.25:849][  0]LogShaderLibrary: Display: ShaderCodeLibraryPakFileMountedCallback: PakFile 'C:/Program Files/Epic Games/UE_4.27/FeaturePacks/TP_VirtualRealityBP.upack' (chunk index -1, root 'root:/') mounted
[2022.04.01-21.10.25:849][  0]LogShaderLibrary: Display: ShaderCodeLibraryPakFileMountedCallback: pending pak file info (ChunkID:-1 Root:root:/ File:C:/Program Files/Epic Games/UE_4.27/FeaturePacks/TP_VirtualRealityBP.upack)
[2022.04.01-21.10.25:849][  0]LogPakFile: OnPakFileMounted2Time == 0.000027
[2022.04.01-21.10.25:898][  0]LogNativeClassHierarchy: Verbose: Native class hierarchy updated for 'AddContentDialog' in 0.0003 seconds. Added 0 classes and 0 folders.
[2022.04.01-21.10.25:902][  0]LogNativeClassHierarchy: Verbose: Native class hierarchy updated for 'SceneOutliner' in 0.0002 seconds. Added 2 classes and 0 folders.
[2022.04.01-21.10.25:934][  0]LogSlate: Took 0.000275 seconds to synchronously load lazily loaded font '../../../Engine/Content/Editor/Slate/Fonts/FontAwesome.ttf' (139K)
[2022.04.01-21.10.25:934][  0]LogSlate: Took 0.000148 seconds to synchronously load lazily loaded font '../../../Engine/Content/Slate/Fonts/Roboto-Bold.ttf' (160K)
[2022.04.01-21.10.25:982][  0]LogRenderer: Reallocating scene render targets to support 1336x564 Format 10 NumSamples 1 (Frame:1).
[2022.04.01-21.10.26:111][  0]LogNativeClassHierarchy: Verbose: Native class hierarchy updated for 'HierarchicalLODOutliner' in 0.0004 seconds. Added 0 classes and 0 folders.
[2022.04.01-21.10.26:111][  0]LogLoad: (Engine Initialization) Total time: 35.44 seconds
[2022.04.01-21.10.26:111][  0]LogLoad: (Engine Initialization) Total Blueprint compile time: 0.00 seconds
[2022.04.01-21.10.26:157][  0]LogAssetRegistry: Asset discovery search completed in 32.3096 seconds
[2022.04.01-21.10.26:162][  0]LogCollectionManager: Fixed up redirectors for 0 collections in 0.000004 seconds (updated 0 objects)
[2022.04.01-21.10.26:163][  0]LogContentStreaming: Texture pool size now 1000 MB
